{"target": -0.5263427745664025, "params": {"max_depth": 11.239882614641974, "max_features": 0.9546921614625147, "min_samples_leaf": 7.587945476302646, "min_samples_split": 60.66853145130959, "n_estimators": 86.44913381679389}, "datetime": {"datetime": "2018-12-04 23:57:29", "elapsed": 0.0, "delta": 0.0}}
{"target": -1.0922469659231966, "params": {"max_depth": 6.431879447396458, "max_features": 0.1522171673392113, "min_samples_leaf": 8.795585311974417, "min_samples_split": 60.90927115083446, "n_estimators": 356.95556312006227}, "datetime": {"datetime": "2018-12-04 23:57:31", "elapsed": 2.021863, "delta": 2.021863}}
{"target": -0.7713903226692173, "params": {"max_depth": 3.452858874507654, "max_features": 0.9719489570936329, "min_samples_leaf": 8.491983767203795, "min_samples_split": 22.809232846471062, "n_estimators": 99.09423393147931}, "datetime": {"datetime": "2018-12-04 23:57:33", "elapsed": 3.209235, "delta": 1.187372}}
{"target": -0.6630108961852699, "params": {"max_depth": 7.034899216775544, "max_features": 0.37351377642062444, "min_samples_leaf": 5.72280788469014, "min_samples_split": 44.330611826927345, "n_estimators": 152.70227869704053}, "datetime": {"datetime": "2018-12-04 23:57:34", "elapsed": 4.978326, "delta": 1.769091}}
{"target": -0.6959270358566021, "params": {"max_depth": 16.46076368389235, "max_features": 0.22540498072618562, "min_samples_leaf": 3.629301836816963, "min_samples_split": 37.90346064278179, "n_estimators": 233.47429226634762}, "datetime": {"datetime": "2018-12-04 23:57:37", "elapsed": 7.985044, "delta": 3.006718}}
{"target": -0.6451639417693553, "params": {"max_depth": 20.2738711506463, "max_features": 0.2795067301603654, "min_samples_leaf": 5.628109945722504, "min_samples_split": 60.05662774848016, "n_estimators": 32.760702232798884}, "datetime": {"datetime": "2018-12-04 23:57:38", "elapsed": 8.483295, "delta": 0.498251}}
{"target": -0.723180895915256, "params": {"max_depth": 16.365986741831644, "max_features": 0.2533011871948751, "min_samples_leaf": 1.5854643368675156, "min_samples_split": 94.99078265082666, "n_estimators": 483.1596962065341}, "datetime": {"datetime": "2018-12-04 23:57:43", "elapsed": 14.094488, "delta": 5.611193}}
{"target": -0.5915653087966736, "params": {"max_depth": 20.784741658562144, "max_features": 0.37384777848686024, "min_samples_leaf": 1.8790490260574548, "min_samples_split": 69.05483659819137, "n_estimators": 225.67472193240465}, "datetime": {"datetime": "2018-12-04 23:57:47", "elapsed": 18.092078, "delta": 3.99759}}
{"target": -0.7065197662932287, "params": {"max_depth": 5.684841166585134, "max_features": 0.5451640421900319, "min_samples_leaf": 1.3094966900369656, "min_samples_split": 91.11339940372065, "n_estimators": 136.8021909840083}, "datetime": {"datetime": "2018-12-04 23:57:49", "elapsed": 19.499733, "delta": 1.407655}}
{"target": -0.5869761471962779, "params": {"max_depth": 17.575490255787603, "max_features": 0.3802282574043805, "min_samples_leaf": 5.680612190600297, "min_samples_split": 55.577607375641406, "n_estimators": 100.57868320750825}, "datetime": {"datetime": "2018-12-04 23:57:51", "elapsed": 21.3379, "delta": 1.838167}}
{"target": -0.5533244567540374, "params": {"max_depth": 24.330861810820288, "max_features": 0.7968444082016419, "min_samples_leaf": 9.455490474077703, "min_samples_split": 89.69308034190958, "n_estimators": 302.9709896174317}, "datetime": {"datetime": "2018-12-04 23:57:59", "elapsed": 29.286325, "delta": 7.948425}}
{"target": -0.8200254187897338, "params": {"max_depth": 23.28123317050857, "max_features": 0.17955475934467563, "min_samples_leaf": 2.763845761772307, "min_samples_split": 6.43227431323273, "n_estimators": 169.41186207399952}, "datetime": {"datetime": "2018-12-04 23:58:01", "elapsed": 31.550315, "delta": 2.26399}}
{"target": -0.6400667038139691, "params": {"max_depth": 11.550900373168604, "max_features": 0.3439427795647324, "min_samples_leaf": 8.458637582367365, "min_samples_split": 36.96182601597175, "n_estimators": 147.65790974681659}, "datetime": {"datetime": "2018-12-04 23:58:03", "elapsed": 33.550257, "delta": 1.999942}}
{"target": -0.7277349145356874, "params": {"max_depth": 14.939313829481467, "max_features": 0.22669087825231163, "min_samples_leaf": 8.219772826786357, "min_samples_split": 9.305963080617541, "n_estimators": 493.57459893425346}, "datetime": {"datetime": "2018-12-04 23:58:09", "elapsed": 39.605054, "delta": 6.054797}}
{"target": -0.6348517090494517, "params": {"max_depth": 19.989384924526462, "max_features": 0.27864539769922103, "min_samples_leaf": 1.0496990541124216, "min_samples_split": 81.91521998857375, "n_estimators": 356.3600984853324}, "datetime": {"datetime": "2018-12-04 23:58:14", "elapsed": 44.786048, "delta": 5.180994}}
{"target": -0.5022352409310715, "params": {"max_depth": 19.03815769690172, "max_features": 0.7933720416706652, "min_samples_leaf": 1.6664018656068134, "min_samples_split": 37.129641397338716, "n_estimators": 66.77583916731356}, "datetime": {"datetime": "2018-12-04 23:58:16", "elapsed": 46.868742, "delta": 2.082694}}
{"target": -0.47295000956264327, "params": {"max_depth": 21.988275369263057, "max_features": 0.6603450160179746, "min_samples_leaf": 3.9780822236738427, "min_samples_split": 8.228718328030316, "n_estimators": 162.38133764067447}, "datetime": {"datetime": "2018-12-04 23:58:23", "elapsed": 53.878057, "delta": 7.009315}}
{"target": -0.5600905783722715, "params": {"max_depth": 10.154033084588434, "max_features": 0.7559159543259196, "min_samples_leaf": 6.738017242196918, "min_samples_split": 88.94684877248, "n_estimators": 241.38531332935514}, "datetime": {"datetime": "2018-12-04 23:58:29", "elapsed": 59.707304, "delta": 5.829247}}
{"target": -0.665132846614593, "params": {"max_depth": 5.631073410642637, "max_features": 0.7412070637134724, "min_samples_leaf": 7.847065437552077, "min_samples_split": 57.00516536181063, "n_estimators": 387.77391817773486}, "datetime": {"datetime": "2018-12-04 23:58:35", "elapsed": 65.31312, "delta": 5.605816}}
{"target": -0.4985873935175936, "params": {"max_depth": 13.863503120016595, "max_features": 0.5699368136144127, "min_samples_leaf": 4.847869165226946, "min_samples_split": 4.491074420921328, "n_estimators": 62.86679922671918}, "datetime": {"datetime": "2018-12-04 23:58:36", "elapsed": 67.151726, "delta": 1.838606}}
{"target": -0.7901087052903523, "params": {"max_depth": 3.6914420851081537, "max_features": 0.6721329597261385, "min_samples_leaf": 3.82920382968694, "min_samples_split": 51.83992773414087, "n_estimators": 454.7075722237856}, "datetime": {"datetime": "2018-12-04 23:58:40", "elapsed": 70.968981, "delta": 3.817255}}
{"target": -0.5947040382473588, "params": {"max_depth": 8.484429041275249, "max_features": 0.46893424780903115, "min_samples_leaf": 7.799960246887438, "min_samples_split": 24.422220218179, "n_estimators": 47.720155816108566}, "datetime": {"datetime": "2018-12-04 23:58:41", "elapsed": 71.749001, "delta": 0.78002}}
{"target": -0.783856327659832, "params": {"max_depth": 9.374531964102896, "max_features": 0.24493793724135, "min_samples_leaf": 9.367278871083158, "min_samples_split": 81.19579719731286, "n_estimators": 320.36784069010747}, "datetime": {"datetime": "2018-12-04 23:58:44", "elapsed": 74.698701, "delta": 2.9497}}
{"target": -0.545157022107438, "params": {"max_depth": 22.17213298412979, "max_features": 0.8225011971323039, "min_samples_leaf": 2.6791305299743224, "min_samples_split": 89.47078185201782, "n_estimators": 274.27769853866886}, "datetime": {"datetime": "2018-12-04 23:58:52", "elapsed": 82.696979, "delta": 7.998278}}
{"target": -0.46722385739873556, "params": {"max_depth": 20.763683413609375, "max_features": 0.9055860786312204, "min_samples_leaf": 3.8620312747467747, "min_samples_split": 12.785088603712323, "n_estimators": 121.68822964555143}, "datetime": {"datetime": "2018-12-04 23:58:57", "elapsed": 88.131528, "delta": 5.434549}}
{"target": -0.4822469425044755, "params": {"max_depth": 18.859577958363676, "max_features": 0.999, "min_samples_leaf": 7.787171861041876, "min_samples_split": 2.0, "n_estimators": 144.14779078249381}, "datetime": {"datetime": "2018-12-04 23:59:16", "elapsed": 106.251953, "delta": 18.120425}}
{"target": -0.46962450895371044, "params": {"max_depth": 25.0, "max_features": 0.999, "min_samples_leaf": 1.0, "min_samples_split": 17.071088076702992, "n_estimators": 149.29097497360422}, "datetime": {"datetime": "2018-12-04 23:59:33", "elapsed": 124.125177, "delta": 17.873224}}
{"target": -0.5495624872474933, "params": {"max_depth": 25.0, "max_features": 0.999, "min_samples_leaf": 1.0, "min_samples_split": 100.0, "n_estimators": 405.73293022536717}, "datetime": {"datetime": "2018-12-04 23:59:57", "elapsed": 147.455774, "delta": 23.330597}}
{"target": -0.549137358501805, "params": {"max_depth": 25.0, "max_features": 0.999, "min_samples_leaf": 1.0, "min_samples_split": 100.0, "n_estimators": 72.88760077902843}, "datetime": {"datetime": "2018-12-05 00:00:10", "elapsed": 160.941639, "delta": 13.485865}}
{"target": -0.48539582822112515, "params": {"max_depth": 25.0, "max_features": 0.999, "min_samples_leaf": 1.0, "min_samples_split": 2.0, "n_estimators": 10.0}, "datetime": {"datetime": "2018-12-05 00:00:23", "elapsed": 173.64466, "delta": 12.703021}}
{"target": -0.46163413320282587, "params": {"max_depth": 25.0, "max_features": 0.999, "min_samples_leaf": 1.0, "min_samples_split": 2.0, "n_estimators": 411.55619677534537}, "datetime": {"datetime": "2018-12-05 00:01:14", "elapsed": 224.604241, "delta": 50.959581}}
{"target": -0.7697311039382446, "params": {"max_depth": 3.0, "max_features": 0.999, "min_samples_leaf": 10.0, "min_samples_split": 14.2136950565907, "n_estimators": 159.34810919522968}, "datetime": {"datetime": "2018-12-05 00:01:27", "elapsed": 237.892822, "delta": 13.288581}}
{"target": -0.46173525308277, "params": {"max_depth": 25.0, "max_features": 0.999, "min_samples_leaf": 1.0, "min_samples_split": 2.0, "n_estimators": 297.62509471924795}, "datetime": {"datetime": "2018-12-05 00:02:08", "elapsed": 278.474652, "delta": 40.58183}}
{"target": -0.7894398506092465, "params": {"max_depth": 3.0, "max_features": 0.999, "min_samples_leaf": 1.0, "min_samples_split": 100.0, "n_estimators": 10.0}, "datetime": {"datetime": "2018-12-05 00:02:19", "elapsed": 289.681284, "delta": 11.206632}}
{"target": -0.6113752601622476, "params": {"max_depth": 7.686858866394049, "max_features": 0.5971713589467474, "min_samples_leaf": 8.283768302407772, "min_samples_split": 71.12507919286347, "n_estimators": 456.9199014486602}, "datetime": {"datetime": "2018-12-05 00:02:27", "elapsed": 297.734932, "delta": 8.053648}}
{"target": -0.5084388633716759, "params": {"max_depth": 25.0, "max_features": 0.999, "min_samples_leaf": 10.0, "min_samples_split": 42.19349369553444, "n_estimators": 275.3570946757953}, "datetime": {"datetime": "2018-12-05 00:02:50", "elapsed": 320.532575, "delta": 22.797643}}
{"target": -0.46173411747579785, "params": {"max_depth": 25.0, "max_features": 0.999, "min_samples_leaf": 1.0, "min_samples_split": 2.0, "n_estimators": 362.0635440748739}, "datetime": {"datetime": "2018-12-05 00:03:38", "elapsed": 368.354863, "delta": 47.822288}}
{"target": -0.4622826185239461, "params": {"max_depth": 25.0, "max_features": 0.999, "min_samples_leaf": 1.0, "min_samples_split": 2.0, "n_estimators": 94.7144672114872}, "datetime": {"datetime": "2018-12-05 00:03:59", "elapsed": 390.029448, "delta": 21.674585}}
{"target": -0.555178420183076, "params": {"max_depth": 25.0, "max_features": 0.999, "min_samples_leaf": 10.0, "min_samples_split": 100.0, "n_estimators": 186.46142226695525}, "datetime": {"datetime": "2018-12-05 00:04:18", "elapsed": 409.000256, "delta": 18.970808}}
{"target": -0.4934585125028595, "params": {"max_depth": 25.0, "max_features": 0.999, "min_samples_leaf": 10.0, "min_samples_split": 10.671930879595818, "n_estimators": 154.77968484255993}, "datetime": {"datetime": "2018-12-05 00:04:38", "elapsed": 428.488445, "delta": 19.488189}}
{"target": -1.263310244637203, "params": {"max_depth": 3.0, "max_features": 0.1, "min_samples_leaf": 10.0, "min_samples_split": 2.0, "n_estimators": 392.4405691645662}, "datetime": {"datetime": "2018-12-05 00:04:53", "elapsed": 443.569753, "delta": 15.081308}}
{"target": -0.5088521379273563, "params": {"max_depth": 25.0, "max_features": 0.999, "min_samples_leaf": 1.0, "min_samples_split": 53.27249030208283, "n_estimators": 410.7918584794243}, "datetime": {"datetime": "2018-12-05 00:05:21", "elapsed": 471.639151, "delta": 28.069398}}
{"target": -0.461817063005635, "params": {"max_depth": 25.0, "max_features": 0.999, "min_samples_leaf": 1.0, "min_samples_split": 2.0, "n_estimators": 447.65699375062735}, "datetime": {"datetime": "2018-12-05 00:06:17", "elapsed": 527.30109, "delta": 55.661939}}
{"target": -0.4616606131067627, "params": {"max_depth": 25.0, "max_features": 0.999, "min_samples_leaf": 1.0, "min_samples_split": 2.0, "n_estimators": 329.69866138725223}, "datetime": {"datetime": "2018-12-05 00:07:02", "elapsed": 572.844985, "delta": 45.543895}}
{"target": -1.2564456238828587, "params": {"max_depth": 3.0, "max_features": 0.1, "min_samples_leaf": 10.0, "min_samples_split": 100.0, "n_estimators": 432.1766929025519}, "datetime": {"datetime": "2018-12-05 00:07:17", "elapsed": 588.048765, "delta": 15.20378}}
{"target": -0.5232110174803529, "params": {"max_depth": 25.0, "max_features": 0.999, "min_samples_leaf": 10.0, "min_samples_split": 59.45506270969339, "n_estimators": 500.0}, "datetime": {"datetime": "2018-12-05 00:07:48", "elapsed": 619.04275, "delta": 30.993985}}
{"target": -0.5495677682121919, "params": {"max_depth": 25.0, "max_features": 0.999, "min_samples_leaf": 1.0, "min_samples_split": 100.0, "n_estimators": 375.82602495800035}, "datetime": {"datetime": "2018-12-05 00:08:15", "elapsed": 645.48216, "delta": 26.43941}}
{"target": -0.4605085240436462, "params": {"max_depth": 18.57065337887681, "max_features": 0.999, "min_samples_leaf": 1.0, "min_samples_split": 6.727761948824995, "n_estimators": 153.53846574645138}, "datetime": {"datetime": "2018-12-05 00:08:39", "elapsed": 669.643034, "delta": 24.160874}}
{"target": -0.7699634293391704, "params": {"max_depth": 3.0, "max_features": 0.999, "min_samples_leaf": 1.0, "min_samples_split": 52.38881811197365, "n_estimators": 262.4213355643586}, "datetime": {"datetime": "2018-12-05 00:08:56", "elapsed": 686.387631, "delta": 16.744597}}
{"target": -1.3727324186220322, "params": {"max_depth": 3.0, "max_features": 0.1, "min_samples_leaf": 10.0, "min_samples_split": 2.0, "n_estimators": 10.0}, "datetime": {"datetime": "2018-12-05 00:09:10", "elapsed": 700.677454, "delta": 14.289823}}
{"target": -0.459685179820295, "params": {"max_depth": 25.0, "max_features": 0.999, "min_samples_leaf": 1.0, "min_samples_split": 7.010262347009907, "n_estimators": 42.549067079149594}, "datetime": {"datetime": "2018-12-05 00:09:28", "elapsed": 718.288731, "delta": 17.611277}}
{"target": -0.5264115325795513, "params": {"max_depth": 25.0, "max_features": 0.999, "min_samples_leaf": 1.0, "min_samples_split": 72.52641498882521, "n_estimators": 390.46026606421293}, "datetime": {"datetime": "2018-12-05 00:09:55", "elapsed": 745.455613, "delta": 27.166882}}
{"target": -0.5272848495363612, "params": {"max_depth": 25.0, "max_features": 0.999, "min_samples_leaf": 10.0, "min_samples_split": 64.28046734947166, "n_estimators": 464.74014904296905}, "datetime": {"datetime": "2018-12-05 00:10:25", "elapsed": 775.937876, "delta": 30.482263}}
{"target": -0.7722138692686231, "params": {"max_depth": 3.0, "max_features": 0.999, "min_samples_leaf": 1.0, "min_samples_split": 100.0, "n_estimators": 205.2426735102958}, "datetime": {"datetime": "2018-12-05 00:10:42", "elapsed": 792.458349, "delta": 16.520473}}
{"target": -1.269289672454296, "params": {"max_depth": 3.0, "max_features": 0.1, "min_samples_leaf": 10.0, "min_samples_split": 100.0, "n_estimators": 89.94867327350138}, "datetime": {"datetime": "2018-12-05 00:10:56", "elapsed": 807.109586, "delta": 14.651237}}
{"target": -0.5251621097994114, "params": {"max_depth": 25.0, "max_features": 0.999, "min_samples_leaf": 1.0, "min_samples_split": 69.83800269584682, "n_estimators": 68.88754233137281}, "datetime": {"datetime": "2018-12-05 00:11:13", "elapsed": 824.087918, "delta": 16.978332}}
{"target": -0.529197592608163, "params": {"max_depth": 25.0, "max_features": 0.999, "min_samples_leaf": 1.0, "min_samples_split": 75.27310969467892, "n_estimators": 158.3247745792982}, "datetime": {"datetime": "2018-12-05 00:11:34", "elapsed": 844.493841, "delta": 20.405923}}
{"target": -0.551345423619811, "params": {"max_depth": 25.0, "max_features": 0.999, "min_samples_leaf": 1.0, "min_samples_split": 100.0, "n_estimators": 40.26138922887946}, "datetime": {"datetime": "2018-12-05 00:11:50", "elapsed": 861.097999, "delta": 16.604158}}
{"target": -0.5494620412114417, "params": {"max_depth": 25.0, "max_features": 0.999, "min_samples_leaf": 1.0, "min_samples_split": 100.0, "n_estimators": 330.49067139809426}, "datetime": {"datetime": "2018-12-05 00:12:16", "elapsed": 886.421145, "delta": 25.323146}}
{"target": -1.0023515114938202, "params": {"max_depth": 25.0, "max_features": 0.1, "min_samples_leaf": 10.0, "min_samples_split": 100.0, "n_estimators": 242.53966635595094}, "datetime": {"datetime": "2018-12-05 00:12:33", "elapsed": 903.242668, "delta": 16.821523}}
{"target": -0.7697580791712749, "params": {"max_depth": 3.0, "max_features": 0.999, "min_samples_leaf": 1.0, "min_samples_split": 100.0, "n_estimators": 284.94650841107114}, "datetime": {"datetime": "2018-12-05 00:12:51", "elapsed": 921.678358, "delta": 18.43569}}
{"target": -0.4958412722068305, "params": {"max_depth": 25.0, "max_features": 0.999, "min_samples_leaf": 1.0, "min_samples_split": 33.39328240153547, "n_estimators": 10.0}, "datetime": {"datetime": "2018-12-05 00:13:09", "elapsed": 939.297478, "delta": 17.61912}}
{"target": -0.4937929635254757, "params": {"max_depth": 25.0, "max_features": 0.999, "min_samples_leaf": 1.0, "min_samples_split": 40.45888781564654, "n_estimators": 307.8397157173291}, "datetime": {"datetime": "2018-12-05 00:13:36", "elapsed": 967.138452, "delta": 27.840974}}
{"target": -0.5549841234684273, "params": {"max_depth": 25.0, "max_features": 0.999, "min_samples_leaf": 10.0, "min_samples_split": 100.0, "n_estimators": 155.46414941016062}, "datetime": {"datetime": "2018-12-05 00:13:57", "elapsed": 987.902185, "delta": 20.763733}}
{"target": -0.9893264698719977, "params": {"max_depth": 25.0, "max_features": 0.1, "min_samples_leaf": 10.0, "min_samples_split": 2.0, "n_estimators": 115.13061398289939}, "datetime": {"datetime": "2018-12-05 00:14:14", "elapsed": 1004.875871, "delta": 16.973686}}
{"target": -0.4602117367704275, "params": {"max_depth": 25.0, "max_features": 0.999, "min_samples_leaf": 1.0, "min_samples_split": 7.807391912418053, "n_estimators": 74.47865215622097}, "datetime": {"datetime": "2018-12-05 00:14:35", "elapsed": 1026.057329, "delta": 21.181458}}
{"target": -0.47504868749231643, "params": {"max_depth": 18.74868383332213, "max_features": 0.999, "min_samples_leaf": 1.0, "min_samples_split": 23.497406524959256, "n_estimators": 119.82578943182665}, "datetime": {"datetime": "2018-12-05 00:14:57", "elapsed": 1047.673646, "delta": 21.616317}}
{"target": -0.7730457601068618, "params": {"max_depth": 3.0, "max_features": 0.999, "min_samples_leaf": 1.0, "min_samples_split": 2.0, "n_estimators": 83.54765661319199}, "datetime": {"datetime": "2018-12-05 00:15:14", "elapsed": 1064.893479, "delta": 17.219833}}
{"target": -0.7680408930428821, "params": {"max_depth": 3.0, "max_features": 0.999, "min_samples_leaf": 10.0, "min_samples_split": 70.56536736421235, "n_estimators": 500.0}, "datetime": {"datetime": "2018-12-05 00:15:36", "elapsed": 1086.219323, "delta": 21.325844}}
{"target": -0.48453944493216683, "params": {"max_depth": 25.0, "max_features": 0.999, "min_samples_leaf": 1.0, "min_samples_split": 32.489751377223854, "n_estimators": 386.3926904936879}, "datetime": {"datetime": "2018-12-05 00:16:06", "elapsed": 1116.889581, "delta": 30.670258}}
{"target": -0.523632270624148, "params": {"max_depth": 25.0, "max_features": 0.999, "min_samples_leaf": 1.0, "min_samples_split": 67.12735511443648, "n_estimators": 289.7470813901185}, "datetime": {"datetime": "2018-12-05 00:16:31", "elapsed": 1141.75271, "delta": 24.863129}}
{"target": -0.7703943643552125, "params": {"max_depth": 3.0, "max_features": 0.999, "min_samples_leaf": 10.0, "min_samples_split": 67.38439726839773, "n_estimators": 229.463939525457}, "datetime": {"datetime": "2018-12-05 00:16:49", "elapsed": 1159.794791, "delta": 18.042081}}
{"target": -0.5190785132492944, "params": {"max_depth": 25.0, "max_features": 0.999, "min_samples_leaf": 1.0, "min_samples_split": 63.190493789009444, "n_estimators": 253.42492725799656}, "datetime": {"datetime": "2018-12-05 00:17:14", "elapsed": 1184.857457, "delta": 25.062666}}
{"target": -0.49401771428040436, "params": {"max_depth": 25.0, "max_features": 0.999, "min_samples_leaf": 10.0, "min_samples_split": 2.0, "n_estimators": 267.86881671662684}, "datetime": {"datetime": "2018-12-05 00:17:40", "elapsed": 1210.449592, "delta": 25.592135}}
{"target": -0.7694178206514952, "params": {"max_depth": 3.0, "max_features": 0.999, "min_samples_leaf": 10.0, "min_samples_split": 2.0, "n_estimators": 287.98284520305685}, "datetime": {"datetime": "2018-12-05 00:17:58", "elapsed": 1229.143889, "delta": 18.694297}}
{"target": -0.775651889062285, "params": {"max_depth": 25.0, "max_features": 0.1, "min_samples_leaf": 1.0, "min_samples_split": 20.33571428507292, "n_estimators": 275.53880638454814}, "datetime": {"datetime": "2018-12-05 00:18:19", "elapsed": 1249.938251, "delta": 20.794362}}
