{"target": -0.49373084377039467, "params": {"max_depth": 25.0, "max_features": 0.999, "min_samples_leaf": 10.0, "min_samples_split": 2.0, "n_estimators": 307.4641421706134}, "datetime": {"datetime": "2018-12-05 00:18:47", "elapsed": 1277.558441, "delta": 27.62019}}
{"target": -0.4935301886749862, "params": {"max_depth": 25.0, "max_features": 0.999, "min_samples_leaf": 10.0, "min_samples_split": 20.93103084373642, "n_estimators": 427.6175091274185}, "datetime": {"datetime": "2018-12-05 00:19:20", "elapsed": 1310.880947, "delta": 33.322506}}
{"target": -0.4640690448387351, "params": {"max_depth": 15.73294546132771, "max_features": 0.999, "min_samples_leaf": 1.0, "min_samples_split": 10.593887339028534, "n_estimators": 126.59554441185122}, "datetime": {"datetime": "2018-12-05 00:19:42", "elapsed": 1332.766933, "delta": 21.885986}}
{"target": -0.47004116167592, "params": {"max_depth": 25.0, "max_features": 0.999, "min_samples_leaf": 1.0, "min_samples_split": 19.07405674439258, "n_estimators": 96.82394449130408}, "datetime": {"datetime": "2018-12-05 00:20:02", "elapsed": 1352.341493, "delta": 19.57456}}
{"target": -0.4741177046909947, "params": {"max_depth": 25.0, "max_features": 0.999, "min_samples_leaf": 1.0, "min_samples_split": 23.74159064472379, "n_estimators": 344.7220155333574}, "datetime": {"datetime": "2018-12-05 00:20:32", "elapsed": 1382.918537, "delta": 30.577044}}
{"target": -0.5607469390044273, "params": {"max_depth": 25.0, "max_features": 0.999, "min_samples_leaf": 10.0, "min_samples_split": 100.0, "n_estimators": 10.0}, "datetime": {"datetime": "2018-12-05 00:20:48", "elapsed": 1398.923281, "delta": 16.004744}}
{"target": -0.5291648503096367, "params": {"max_depth": 25.0, "max_features": 0.999, "min_samples_leaf": 10.0, "min_samples_split": 65.68216488566621, "n_estimators": 183.93379705855165}, "datetime": {"datetime": "2018-12-05 00:21:10", "elapsed": 1420.364558, "delta": 21.441277}}
{"target": -0.7150633035080214, "params": {"max_depth": 25.0, "max_features": 0.1, "min_samples_leaf": 1.0, "min_samples_split": 2.0, "n_estimators": 429.59642210344543}, "datetime": {"datetime": "2018-12-05 00:21:38", "elapsed": 1448.705301, "delta": 28.340743}}
{"target": -0.49336129243064164, "params": {"max_depth": 25.0, "max_features": 0.999, "min_samples_leaf": 10.0, "min_samples_split": 2.0, "n_estimators": 465.62768329024465}, "datetime": {"datetime": "2018-12-05 00:22:13", "elapsed": 1483.840877, "delta": 35.135576}}
{"target": -0.46153670869158825, "params": {"max_depth": 25.0, "max_features": 0.999, "min_samples_leaf": 1.0, "min_samples_split": 10.620315418289104, "n_estimators": 397.8882927509827}, "datetime": {"datetime": "2018-12-05 00:22:51", "elapsed": 1522.076041, "delta": 38.235164}}
{"target": -0.4696966372516343, "params": {"max_depth": 25.0, "max_features": 0.999, "min_samples_leaf": 1.0, "min_samples_split": 18.456495624516695, "n_estimators": 461.0903559060681}, "datetime": {"datetime": "2018-12-05 00:23:30", "elapsed": 1560.567235, "delta": 38.491194}}
{"target": -0.5045196129356505, "params": {"max_depth": 25.0, "max_features": 0.999, "min_samples_leaf": 10.0, "min_samples_split": 38.328926898873696, "n_estimators": 404.4898030158753}, "datetime": {"datetime": "2018-12-05 00:24:00", "elapsed": 1590.351994, "delta": 29.784759}}
{"target": -0.46167961464226276, "params": {"max_depth": 25.0, "max_features": 0.999, "min_samples_leaf": 1.0, "min_samples_split": 2.0, "n_estimators": 461.4253270201349}, "datetime": {"datetime": "2018-12-05 00:25:00", "elapsed": 1650.337181, "delta": 59.985187}}
{"target": -0.7700310948143501, "params": {"max_depth": 3.0, "max_features": 0.999, "min_samples_leaf": 1.0, "min_samples_split": 100.0, "n_estimators": 167.959857730532}, "datetime": {"datetime": "2018-12-05 00:25:18", "elapsed": 1668.769807, "delta": 18.432626}}
{"target": -0.5089115967976696, "params": {"max_depth": 25.0, "max_features": 0.999, "min_samples_leaf": 10.0, "min_samples_split": 43.560463468770976, "n_estimators": 438.8425481966523}, "datetime": {"datetime": "2018-12-05 00:25:50", "elapsed": 1700.28242, "delta": 31.512613}}
{"target": -0.5315590249340121, "params": {"max_depth": 25.0, "max_features": 0.999, "min_samples_leaf": 10.0, "min_samples_split": 68.94696793970407, "n_estimators": 272.4340980437288}, "datetime": {"datetime": "2018-12-05 00:26:14", "elapsed": 1724.705044, "delta": 24.422624}}
{"target": -0.49332860304005327, "params": {"max_depth": 25.0, "max_features": 0.999, "min_samples_leaf": 10.0, "min_samples_split": 13.575974224871667, "n_estimators": 451.8458843426736}, "datetime": {"datetime": "2018-12-05 00:26:48", "elapsed": 1759.136426, "delta": 34.431382}}
{"target": -0.4897628855691495, "params": {"max_depth": 25.0, "max_features": 0.999, "min_samples_leaf": 1.0, "min_samples_split": 37.24592968774238, "n_estimators": 500.0}, "datetime": {"datetime": "2018-12-05 00:27:25", "elapsed": 1795.584431, "delta": 36.448005}}
{"target": -0.5352553029943913, "params": {"max_depth": 25.0, "max_features": 0.999, "min_samples_leaf": 1.0, "min_samples_split": 71.93681097992373, "n_estimators": 10.0}, "datetime": {"datetime": "2018-12-05 00:27:41", "elapsed": 1812.034536, "delta": 16.450105}}
{"target": -0.5212085223266092, "params": {"max_depth": 25.0, "max_features": 0.999, "min_samples_leaf": 1.0, "min_samples_split": 65.19685618538563, "n_estimators": 322.9483415285873}, "datetime": {"datetime": "2018-12-05 00:28:08", "elapsed": 1839.140691, "delta": 27.106155}}
{"target": -0.5285557017053598, "params": {"max_depth": 25.0, "max_features": 0.999, "min_samples_leaf": 1.0, "min_samples_split": 73.58138041629178, "n_estimators": 446.2398486512061}, "datetime": {"datetime": "2018-12-05 00:28:46", "elapsed": 1876.962569, "delta": 37.821878}}
{"target": -0.7727467399462997, "params": {"max_depth": 3.0, "max_features": 0.999, "min_samples_leaf": 1.0, "min_samples_split": 48.92882577874909, "n_estimators": 69.98990497850454}, "datetime": {"datetime": "2018-12-05 00:29:09", "elapsed": 1899.340983, "delta": 22.378414}}
{"target": -0.49567955766051275, "params": {"max_depth": 25.0, "max_features": 0.999, "min_samples_leaf": 10.0, "min_samples_split": 28.979626838222813, "n_estimators": 50.043969099248535}, "datetime": {"datetime": "2018-12-05 00:29:33", "elapsed": 1923.560548, "delta": 24.219565}}
{"target": -0.5201616689530695, "params": {"max_depth": 25.0, "max_features": 0.999, "min_samples_leaf": 10.0, "min_samples_split": 57.411652926353405, "n_estimators": 79.66026757894244}, "datetime": {"datetime": "2018-12-05 00:29:57", "elapsed": 1947.758376, "delta": 24.197828}}
{"target": -0.4704026365676137, "params": {"max_depth": 20.47617420119834, "max_features": 0.999, "min_samples_leaf": 4.945739340093023, "min_samples_split": 12.41475984705574, "n_estimators": 158.04461951324316}, "datetime": {"datetime": "2018-12-05 00:30:28", "elapsed": 1978.437378, "delta": 30.679002}}
{"target": -0.46300426361919256, "params": {"max_depth": 25.0, "max_features": 0.999, "min_samples_leaf": 3.0374136441305453, "min_samples_split": 2.0, "n_estimators": 153.08909735901204}, "datetime": {"datetime": "2018-12-05 00:30:58", "elapsed": 2008.427007, "delta": 29.989629}}
{"target": -0.4680954096688107, "params": {"max_depth": 25.0, "max_features": 0.999, "min_samples_leaf": 1.0, "min_samples_split": 16.576694441810112, "n_estimators": 127.01147405768789}, "datetime": {"datetime": "2018-12-05 00:31:25", "elapsed": 2035.911555, "delta": 27.484548}}
{"target": -0.5323712402639298, "params": {"max_depth": 25.0, "max_features": 0.999, "min_samples_leaf": 10.0, "min_samples_split": 68.70322178951959, "n_estimators": 137.4918005465749}, "datetime": {"datetime": "2018-12-05 00:31:52", "elapsed": 2062.465272, "delta": 26.553717}}
{"target": -0.4934396466517622, "params": {"max_depth": 25.0, "max_features": 0.999, "min_samples_leaf": 10.0, "min_samples_split": 2.0, "n_estimators": 402.50883403534783}, "datetime": {"datetime": "2018-12-05 00:32:31", "elapsed": 2101.31885, "delta": 38.853578}}
{"target": -0.49055802750311645, "params": {"max_depth": 17.8199783339643, "max_features": 0.999, "min_samples_leaf": 9.394615517942766, "min_samples_split": 2.0, "n_estimators": 156.47914624499438}, "datetime": {"datetime": "2018-12-05 00:32:59", "elapsed": 2129.445866, "delta": 28.127016}}
{"target": -0.770176429956595, "params": {"max_depth": 3.0, "max_features": 0.999, "min_samples_leaf": 1.0, "min_samples_split": 85.99924663198553, "n_estimators": 253.77073144160676}, "datetime": {"datetime": "2018-12-05 00:33:26", "elapsed": 2156.207096, "delta": 26.76123}}
{"target": -0.5119209726053893, "params": {"max_depth": 25.0, "max_features": 0.999, "min_samples_leaf": 10.0, "min_samples_split": 46.084667095560185, "n_estimators": 249.1762309113442}, "datetime": {"datetime": "2018-12-05 00:33:59", "elapsed": 2189.488675, "delta": 33.281579}}
{"target": -0.48452993462943733, "params": {"max_depth": 25.0, "max_features": 0.999, "min_samples_leaf": 1.0, "min_samples_split": 29.521363392049267, "n_estimators": 35.88462915800942}, "datetime": {"datetime": "2018-12-05 00:34:24", "elapsed": 2214.454267, "delta": 24.965592}}
{"target": -0.5143723520271435, "params": {"max_depth": 25.0, "max_features": 0.999, "min_samples_leaf": 1.0, "min_samples_split": 58.73793877201658, "n_estimators": 484.0578817240524}, "datetime": {"datetime": "2018-12-05 00:35:03", "elapsed": 2253.410612, "delta": 38.956345}}
{"target": -0.9919021276759775, "params": {"max_depth": 25.0, "max_features": 0.1, "min_samples_leaf": 10.0, "min_samples_split": 82.33802497139654, "n_estimators": 173.4170621948147}, "datetime": {"datetime": "2018-12-05 00:35:27", "elapsed": 2277.455127, "delta": 24.044515}}
{"target": -0.5500473482578089, "params": {"max_depth": 25.0, "max_features": 0.999, "min_samples_leaf": 1.0, "min_samples_split": 100.0, "n_estimators": 136.92222229704325}, "datetime": {"datetime": "2018-12-05 00:35:55", "elapsed": 2306.009367, "delta": 28.55424}}
{"target": -0.5052110185907834, "params": {"max_depth": 25.0, "max_features": 0.999, "min_samples_leaf": 1.0, "min_samples_split": 51.01221332403707, "n_estimators": 165.84667160437348}, "datetime": {"datetime": "2018-12-05 00:36:26", "elapsed": 2336.374064, "delta": 30.364697}}
{"target": -0.5160638244992198, "params": {"max_depth": 25.0, "max_features": 0.999, "min_samples_leaf": 1.0, "min_samples_split": 59.31239527282506, "n_estimators": 195.4854420416991}, "datetime": {"datetime": "2018-12-05 00:36:54", "elapsed": 2364.992758, "delta": 28.618694}}
{"target": -0.5201709213792446, "params": {"max_depth": 25.0, "max_features": 0.999, "min_samples_leaf": 1.0, "min_samples_split": 63.3815075843886, "n_estimators": 144.37491162224953}, "datetime": {"datetime": "2018-12-05 00:37:23", "elapsed": 2393.650089, "delta": 28.657331}}
{"target": -0.5508242984584582, "params": {"max_depth": 25.0, "max_features": 0.999, "min_samples_leaf": 1.0, "min_samples_split": 100.0, "n_estimators": 198.9203346191529}, "datetime": {"datetime": "2018-12-05 00:37:52", "elapsed": 2422.484428, "delta": 28.834339}}
{"target": -0.5200518439598587, "params": {"max_depth": 25.0, "max_features": 0.999, "min_samples_leaf": 10.0, "min_samples_split": 53.44451042076992, "n_estimators": 188.7680466578146}, "datetime": {"datetime": "2018-12-05 00:38:20", "elapsed": 2450.931957, "delta": 28.447529}}
{"target": -0.4834615465749653, "params": {"max_depth": 25.0, "max_features": 0.999, "min_samples_leaf": 1.0, "min_samples_split": 31.402929431168527, "n_estimators": 419.2633267297051}, "datetime": {"datetime": "2018-12-05 00:39:00", "elapsed": 2491.069822, "delta": 40.137865}}
{"target": -0.5454000823812282, "params": {"max_depth": 25.0, "max_features": 0.999, "min_samples_leaf": 10.0, "min_samples_split": 89.02138665902072, "n_estimators": 58.61134298510365}, "datetime": {"datetime": "2018-12-05 00:39:25", "elapsed": 2515.714672, "delta": 24.64485}}
{"target": -0.4699125574703217, "params": {"max_depth": 22.001896224297063, "max_features": 0.999, "min_samples_leaf": 1.0, "min_samples_split": 17.708390042527324, "n_estimators": 56.3669764301862}, "datetime": {"datetime": "2018-12-05 00:39:49", "elapsed": 2539.989461, "delta": 24.274789}}
{"target": -0.4726440778976695, "params": {"max_depth": 25.0, "max_features": 0.999, "min_samples_leaf": 1.0, "min_samples_split": 21.677678773326534, "n_estimators": 322.18266955557203}, "datetime": {"datetime": "2018-12-05 00:40:25", "elapsed": 2575.433082, "delta": 35.443621}}
{"target": -0.7414225372024574, "params": {"max_depth": 25.0, "max_features": 0.1, "min_samples_leaf": 1.0, "min_samples_split": 2.0, "n_estimators": 58.15303988703641}, "datetime": {"datetime": "2018-12-05 00:40:49", "elapsed": 2599.713989, "delta": 24.280907}}
{"target": -0.46462612051672414, "params": {"max_depth": 25.0, "max_features": 0.999, "min_samples_leaf": 1.0, "min_samples_split": 11.493347780477102, "n_estimators": 27.387765255131463}, "datetime": {"datetime": "2018-12-05 00:41:14", "elapsed": 2624.264961, "delta": 24.550972}}
{"target": -0.4614383690213818, "params": {"max_depth": 22.38226014626604, "max_features": 0.999, "min_samples_leaf": 1.0, "min_samples_split": 10.921846359486064, "n_estimators": 84.66469420279333}, "datetime": {"datetime": "2018-12-05 00:41:40", "elapsed": 2650.307506, "delta": 26.042545}}
{"target": -0.4907712283233593, "params": {"max_depth": 14.344012936264225, "max_features": 0.999, "min_samples_leaf": 10.0, "min_samples_split": 15.669478833652533, "n_estimators": 64.47368914880296}, "datetime": {"datetime": "2018-12-05 00:42:06", "elapsed": 2676.471059, "delta": 26.163553}}
