{"target": -0.34739980000000004, "params": {"colsample_bytree": 0.9958441018338064, "exp_alpha": -4.694266624555624, "exp_eta": -0.6205978306453439, "exp_gamma": -0.824429292563404, "exp_lambda": -1.2460514779360516, "max_depth": 9.755197239284358, "min_child_weight": 7.273305292505814, "subsample": 0.8217933484349496}, "datetime": {"datetime": "2018-12-04 22:37:33", "elapsed": 111.578573, "delta": 21.449813}}
{"target": -0.3181662, "params": {"colsample_bytree": 0.9648420911052549, "exp_alpha": -4.8923484711524345, "exp_eta": -0.9626476846277454, "exp_gamma": -0.7646137501149344, "exp_lambda": 1.1982425462067043, "max_depth": 9.804469616121562, "min_child_weight": 11.305453015085297, "subsample": 0.7884420732387956}, "datetime": {"datetime": "2018-12-04 22:38:08", "elapsed": 146.601465, "delta": 35.022892}}
{"target": -0.3159418, "params": {"colsample_bytree": 0.9234316281915962, "exp_alpha": -0.20350393168917424, "exp_eta": -1.4129327413821025, "exp_gamma": -0.8802704015876106, "exp_lambda": -0.7103650195221904, "max_depth": 8.00938260673227, "min_child_weight": 7.045294355738108, "subsample": 0.8767539998523903}, "datetime": {"datetime": "2018-12-04 22:38:41", "elapsed": 179.34341, "delta": 32.741945}}
{"target": -0.34475439999999996, "params": {"colsample_bytree": 0.9888634972910941, "exp_alpha": -1.3692951402276883, "exp_eta": -0.6337202482348434, "exp_gamma": -1.8621185061178873, "exp_lambda": 1.8954456549809486, "max_depth": 9.575125830067075, "min_child_weight": 14.24884678807373, "subsample": 0.4290985081467774}, "datetime": {"datetime": "2018-12-04 22:39:08", "elapsed": 206.900847, "delta": 27.557437}}
{"target": -0.31695719999999994, "params": {"colsample_bytree": 0.9875907860347639, "exp_alpha": -1.2194023044690119, "exp_eta": -1.6451639394443172, "exp_gamma": -0.6594417101755896, "exp_lambda": 0.407949940368888, "max_depth": 9.560745533874305, "min_child_weight": 12.822096614507617, "subsample": 0.9522380124844145}, "datetime": {"datetime": "2018-12-04 22:39:41", "elapsed": 239.613036, "delta": 32.712189}}
{"target": -0.3179168, "params": {"colsample_bytree": 0.9756504644974646, "exp_alpha": -1.685474833623065, "exp_eta": -1.761149873524461, "exp_gamma": -1.2400016499313278, "exp_lambda": 0.20427284607178064, "max_depth": 9.999867227018814, "min_child_weight": 11.261827516964454, "subsample": 0.8043191664393861}, "datetime": {"datetime": "2018-12-04 22:40:16", "elapsed": 275.241505, "delta": 35.628469}}
{"target": -0.32756260000000004, "params": {"colsample_bytree": 0.9705280343379561, "exp_alpha": -2.555109125499075, "exp_eta": -0.66820103562231, "exp_gamma": -0.5865806500067205, "exp_lambda": 0.38015128854483393, "max_depth": 7.62803012027232, "min_child_weight": 14.995668333668915, "subsample": 0.9823289548755848}, "datetime": {"datetime": "2018-12-04 22:40:36", "elapsed": 294.573172, "delta": 19.331667}}
{"target": -0.323986, "params": {"colsample_bytree": 0.9891427974076874, "exp_alpha": -1.9524136016606484, "exp_eta": -1.1406984253081007, "exp_gamma": -1.065713543143957, "exp_lambda": -0.16758530086982626, "max_depth": 9.708522441147963, "min_child_weight": 13.682705760971176, "subsample": 0.6289535134188067}, "datetime": {"datetime": "2018-12-04 22:41:02", "elapsed": 320.482874, "delta": 25.909702}}
{"target": -0.3222204, "params": {"colsample_bytree": 0.9923848698724347, "exp_alpha": -4.841837809918438, "exp_eta": -0.8205057793801136, "exp_gamma": -1.1362828079255558, "exp_lambda": 1.013366774396712, "max_depth": 9.776637775982753, "min_child_weight": 11.654026875894113, "subsample": 0.8009250309160809}, "datetime": {"datetime": "2018-12-04 22:41:24", "elapsed": 342.603668, "delta": 22.120794}}
{"target": -0.35986239999999997, "params": {"colsample_bytree": 0.21435765050242006, "exp_alpha": 0.3396047641979729, "exp_eta": -0.5123340343758478, "exp_gamma": -1.028880634195747, "exp_lambda": -0.4896838568142252, "max_depth": 7.300952700842799, "min_child_weight": 3.6331150099567404, "subsample": 0.9539067143065593}, "datetime": {"datetime": "2018-12-04 22:41:44", "elapsed": 363.072752, "delta": 20.469084}}
{"target": -0.3161398, "params": {"colsample_bytree": 0.9831476989762207, "exp_alpha": -2.482626856996305, "exp_eta": -1.6535949213060863, "exp_gamma": -1.0496603534981674, "exp_lambda": 0.731436358663422, "max_depth": 9.832532957062906, "min_child_weight": 11.891715454691667, "subsample": 0.9076965385999112}, "datetime": {"datetime": "2018-12-04 22:42:18", "elapsed": 396.528755, "delta": 33.456003}}
{"target": -0.3248126, "params": {"colsample_bytree": 0.9874704717579503, "exp_alpha": -1.320264020650031, "exp_eta": -1.6028763019728967, "exp_gamma": -1.3101039141942419, "exp_lambda": -1.4572587986213614, "max_depth": 9.822053285937136, "min_child_weight": 12.992021137128244, "subsample": 0.9306623244431643}, "datetime": {"datetime": "2018-12-04 22:42:52", "elapsed": 430.461099, "delta": 33.932344}}
{"target": -0.3197242, "params": {"colsample_bytree": 0.9804846353443641, "exp_alpha": -4.818787772964104, "exp_eta": -1.3994132319738597, "exp_gamma": -0.7366326492603696, "exp_lambda": -0.21720295562314318, "max_depth": 9.994989434859203, "min_child_weight": 10.21511471448535, "subsample": 0.9380597604013684}, "datetime": {"datetime": "2018-12-04 22:43:24", "elapsed": 462.679175, "delta": 32.218076}}
{"target": -0.3329812, "params": {"colsample_bytree": 0.9774031236308438, "exp_alpha": -0.8988746125617979, "exp_eta": -1.0456888852773911, "exp_gamma": 0.16244310176461196, "exp_lambda": -0.07930231318933068, "max_depth": 8.73994280640973, "min_child_weight": 14.784502830202351, "subsample": 0.5060602285755728}, "datetime": {"datetime": "2018-12-04 22:43:54", "elapsed": 493.173158, "delta": 30.493983}}
{"target": -0.3180326, "params": {"colsample_bytree": 0.9762663722950378, "exp_alpha": -4.172751423528322, "exp_eta": -1.3974227278446671, "exp_gamma": -0.9687653155001636, "exp_lambda": 0.5916532880032488, "max_depth": 9.637209630991343, "min_child_weight": 11.328639181395328, "subsample": 0.9908766262796745}, "datetime": {"datetime": "2018-12-04 22:44:25", "elapsed": 523.289657, "delta": 30.116499}}
{"target": -0.32817759999999996, "params": {"colsample_bytree": 0.970020785776539, "exp_alpha": 0.52667495809313, "exp_eta": -0.9909901382576005, "exp_gamma": -1.9989923942020718, "exp_lambda": 1.9629988988111853, "max_depth": 5.26493877890378, "min_child_weight": 9.990174889572717, "subsample": 0.9986554555084293}, "datetime": {"datetime": "2018-12-04 22:44:48", "elapsed": 547.008729, "delta": 23.719072}}
{"target": -0.31606539999999994, "params": {"colsample_bytree": 0.9840840937414534, "exp_alpha": -1.5083618894770798, "exp_eta": -1.4730540367784783, "exp_gamma": -0.6543925627849227, "exp_lambda": 0.16535491842065753, "max_depth": 9.663563117167211, "min_child_weight": 12.41976220828583, "subsample": 0.8490786560757592}, "datetime": {"datetime": "2018-12-04 22:45:22", "elapsed": 580.548065, "delta": 33.539336}}
{"target": -0.3147052, "params": {"colsample_bytree": 0.9764736080648011, "exp_alpha": -0.5023981211364035, "exp_eta": -1.2773696082721682, "exp_gamma": -0.8179719768707905, "exp_lambda": 0.8559814797795906, "max_depth": 8.767689534064619, "min_child_weight": 8.846688989606623, "subsample": 0.81902514849355}, "datetime": {"datetime": "2018-12-04 22:45:55", "elapsed": 613.553736, "delta": 33.005671}}
{"target": -0.3182124, "params": {"colsample_bytree": 0.9996359753430231, "exp_alpha": -1.9147861454462607, "exp_eta": -1.55836783395665, "exp_gamma": -1.480787155149705, "exp_lambda": 0.5597259621026462, "max_depth": 9.37120248637834, "min_child_weight": 12.06101414143354, "subsample": 0.9969589953530265}, "datetime": {"datetime": "2018-12-04 22:46:30", "elapsed": 648.650827, "delta": 35.097091}}
{"target": -0.3254156, "params": {"colsample_bytree": 0.9745360479338494, "exp_alpha": -1.9444426450703904, "exp_eta": -1.4348803660949951, "exp_gamma": -1.7276699984338304, "exp_lambda": -1.9135742774787219, "max_depth": 6.846576786398647, "min_child_weight": 5.507223243023688, "subsample": 0.9949413775953198}, "datetime": {"datetime": "2018-12-04 22:46:58", "elapsed": 676.334407, "delta": 27.68358}}
{"target": -0.3156982, "params": {"colsample_bytree": 0.9839382011450675, "exp_alpha": -0.25327657436290707, "exp_eta": -1.2505492697630176, "exp_gamma": -0.8098126999014399, "exp_lambda": 0.12376249323486999, "max_depth": 7.293191210718896, "min_child_weight": 6.687115753626157, "subsample": 0.8976720326429493}, "datetime": {"datetime": "2018-12-04 22:47:32", "elapsed": 710.491709, "delta": 34.157302}}
{"target": -0.32301599999999997, "params": {"colsample_bytree": 0.9878866178289902, "exp_alpha": -0.9255143701487754, "exp_eta": -0.7917913892021418, "exp_gamma": -1.3297508439971413, "exp_lambda": 0.809475023062487, "max_depth": 9.591575262047009, "min_child_weight": 14.489708953894691, "subsample": 0.9490518481311044}, "datetime": {"datetime": "2018-12-04 22:47:57", "elapsed": 735.295418, "delta": 24.803709}}
{"target": -0.32136240000000005, "params": {"colsample_bytree": 0.9721974269115254, "exp_alpha": -4.9731078691710735, "exp_eta": -1.4660885135229078, "exp_gamma": -0.1615451436139681, "exp_lambda": 1.122606301089104, "max_depth": 9.989061514342009, "min_child_weight": 12.73063581046121, "subsample": 0.9213512163001157}, "datetime": {"datetime": "2018-12-04 22:48:34", "elapsed": 772.785095, "delta": 37.489677}}
{"target": -0.33543219999999996, "params": {"colsample_bytree": 0.3501326710218332, "exp_alpha": 0.021036736006276868, "exp_eta": -0.5501480584516867, "exp_gamma": -1.8608956470658908, "exp_lambda": 1.9452151631254244, "max_depth": 5.138328069131681, "min_child_weight": 6.063523710822544, "subsample": 0.9439414104647794}, "datetime": {"datetime": "2018-12-04 22:48:55", "elapsed": 793.625169, "delta": 20.840074}}
{"target": -0.3146732, "params": {"colsample_bytree": 0.9649991206113904, "exp_alpha": -4.902095459385685, "exp_eta": -1.1663335471784055, "exp_gamma": -0.8742980513703547, "exp_lambda": 0.8762782993663643, "max_depth": 9.960738219603156, "min_child_weight": 13.495230136353452, "subsample": 0.9408937895491091}, "datetime": {"datetime": "2018-12-04 22:49:26", "elapsed": 825.249413, "delta": 31.624244}}
{"target": -0.33055840000000003, "params": {"colsample_bytree": 0.9995531917613576, "exp_alpha": -2.326508747723196, "exp_eta": -1.6440647075679378, "exp_gamma": -1.5676760455918957, "exp_lambda": -1.8695571143545964, "max_depth": 9.12611268401946, "min_child_weight": 1.3975025844720925, "subsample": 0.9168563509292611}, "datetime": {"datetime": "2018-12-04 22:50:04", "elapsed": 862.405603, "delta": 37.15619}}
{"target": -0.3226018, "params": {"colsample_bytree": 0.9863544855187814, "exp_alpha": -1.63393627840246, "exp_eta": -1.6110403131317548, "exp_gamma": -0.9795772752943952, "exp_lambda": -1.8487960805932246, "max_depth": 8.334617328900823, "min_child_weight": 4.524071756470915, "subsample": 0.48507462849308547}, "datetime": {"datetime": "2018-12-04 22:50:40", "elapsed": 899.032211, "delta": 36.626608}}
{"target": -0.3265736, "params": {"colsample_bytree": 0.9839469704581256, "exp_alpha": -4.932889576876165, "exp_eta": -0.7447553504746078, "exp_gamma": -0.7308132778261744, "exp_lambda": 0.25664686648574, "max_depth": 7.23530979007017, "min_child_weight": 14.927574620435129, "subsample": 0.8394522238116374}, "datetime": {"datetime": "2018-12-04 22:51:03", "elapsed": 922.262889, "delta": 23.230678}}
{"target": -0.3176446, "params": {"colsample_bytree": 0.9782104431643552, "exp_alpha": -2.0339313702527217, "exp_eta": -1.173231080965373, "exp_gamma": -0.7489566353023078, "exp_lambda": 0.6669810565656396, "max_depth": 9.423941269773513, "min_child_weight": 13.408009647284931, "subsample": 0.9913064074683996}, "datetime": {"datetime": "2018-12-04 22:51:37", "elapsed": 955.468513, "delta": 33.205624}}
{"target": -0.32097620000000004, "params": {"colsample_bytree": 0.9813970875968796, "exp_alpha": -0.2814143570200729, "exp_eta": -1.0978373351784962, "exp_gamma": -0.8451800983776234, "exp_lambda": -1.9045880707950391, "max_depth": 8.556240570768939, "min_child_weight": 5.512777292648368, "subsample": 0.7550213787841187}, "datetime": {"datetime": "2018-12-04 22:52:10", "elapsed": 989.067693, "delta": 33.59918}}
{"target": -0.3194144, "params": {"colsample_bytree": 0.9865390022524232, "exp_alpha": -4.994231821879213, "exp_eta": -1.1358344478439208, "exp_gamma": -1.323281230528111, "exp_lambda": 1.850178715744729, "max_depth": 9.995580505793132, "min_child_weight": 11.083845995329758, "subsample": 0.9395722785393741}, "datetime": {"datetime": "2018-12-04 22:52:47", "elapsed": 1025.929885, "delta": 36.862192}}
{"target": -0.32064459999999995, "params": {"colsample_bytree": 0.9970302827371689, "exp_alpha": -0.9124739150034538, "exp_eta": -1.2622220755742743, "exp_gamma": -1.008102977296212, "exp_lambda": -1.001036121547715, "max_depth": 8.57444419376643, "min_child_weight": 6.375977492396386, "subsample": 0.8444477857349217}, "datetime": {"datetime": "2018-12-04 22:53:20", "elapsed": 1059.267864, "delta": 33.337979}}
{"target": -0.3206718, "params": {"colsample_bytree": 0.9385330642471532, "exp_alpha": -0.908339432271049, "exp_eta": -1.4906311862769948, "exp_gamma": -1.3959774697426224, "exp_lambda": -1.9794210320146486, "max_depth": 7.91140218005287, "min_child_weight": 4.884531438567516, "subsample": 0.9607838984893486}, "datetime": {"datetime": "2018-12-04 22:53:49", "elapsed": 1088.118986, "delta": 28.851122}}
{"target": -0.3204654, "params": {"colsample_bytree": 0.9894802189292367, "exp_alpha": -1.1811488701464548, "exp_eta": -1.436742721135309, "exp_gamma": -0.7609284774807281, "exp_lambda": 1.4866377637966233, "max_depth": 9.535125495130906, "min_child_weight": 10.101803427128328, "subsample": 0.9596071809165407}, "datetime": {"datetime": "2018-12-04 22:54:22", "elapsed": 1121.174893, "delta": 33.055907}}
{"target": -0.31893460000000007, "params": {"colsample_bytree": 0.9546596425426284, "exp_alpha": -0.022313885242937204, "exp_eta": -1.4385393234186508, "exp_gamma": -1.306285789090662, "exp_lambda": -1.9756436880049844, "max_depth": 9.711824855294832, "min_child_weight": 6.001471576112055, "subsample": 0.5600697215071917}, "datetime": {"datetime": "2018-12-04 22:54:59", "elapsed": 1158.180663, "delta": 37.00577}}
{"target": -0.327075, "params": {"colsample_bytree": 0.9763638376482653, "exp_alpha": -4.751043239913174, "exp_eta": -1.8409281174245553, "exp_gamma": -0.3031078658991442, "exp_lambda": -1.9403694090318853, "max_depth": 9.879717063280378, "min_child_weight": 6.945099187673987, "subsample": 0.739673576656878}, "datetime": {"datetime": "2018-12-04 22:55:37", "elapsed": 1195.849624, "delta": 37.668961}}
{"target": -0.3279652, "params": {"colsample_bytree": 0.9430371036775094, "exp_alpha": -2.9512128678127363, "exp_eta": -1.46030462486372, "exp_gamma": -0.2610492289300188, "exp_lambda": -1.9634581927583743, "max_depth": 9.68702035742863, "min_child_weight": 8.07607688905803, "subsample": 0.46833697054262985}, "datetime": {"datetime": "2018-12-04 22:56:12", "elapsed": 1230.891881, "delta": 35.042257}}
{"target": -0.3245956, "params": {"colsample_bytree": 0.9523112592478715, "exp_alpha": -4.8311689854377695, "exp_eta": -1.541913782400681, "exp_gamma": -0.7468346269062645, "exp_lambda": -1.6004878599547814, "max_depth": 9.153979774260197, "min_child_weight": 8.099385824845594, "subsample": 0.4810132899883339}, "datetime": {"datetime": "2018-12-04 22:56:47", "elapsed": 1265.938536, "delta": 35.046655}}
{"target": -0.33533500000000005, "params": {"colsample_bytree": 0.9851389744537484, "exp_alpha": 0.0600176842419291, "exp_eta": -0.8263516514500973, "exp_gamma": -1.6558154084688024, "exp_lambda": -1.9868826761542717, "max_depth": 9.945112015086506, "min_child_weight": 5.377048713304227, "subsample": 0.5611028783135138}, "datetime": {"datetime": "2018-12-04 22:57:07", "elapsed": 1285.387596, "delta": 19.44906}}
{"target": -0.33729960000000003, "params": {"colsample_bytree": 0.967464096599354, "exp_alpha": -4.560975524875492, "exp_eta": -1.8471683239378547, "exp_gamma": -0.11850379559912749, "exp_lambda": -1.9301370609485398, "max_depth": 8.988970603067541, "min_child_weight": 6.7626891306942465, "subsample": 0.43771772686562826}, "datetime": {"datetime": "2018-12-04 22:57:40", "elapsed": 1318.82766, "delta": 33.440064}}
{"target": -0.32451559999999996, "params": {"colsample_bytree": 0.9902052905963208, "exp_alpha": -4.381255482002741, "exp_eta": -1.3804835980425865, "exp_gamma": -0.29765022358292637, "exp_lambda": -1.7491611289079763, "max_depth": 9.472856128734382, "min_child_weight": 8.50982623394341, "subsample": 0.8116350948623902}, "datetime": {"datetime": "2018-12-04 22:58:15", "elapsed": 1353.632444, "delta": 34.804784}}
{"target": -0.3282008, "params": {"colsample_bytree": 0.9497666661683941, "exp_alpha": -4.72904946765315, "exp_eta": -1.626481094152033, "exp_gamma": -0.12157146096715454, "exp_lambda": -1.38440056683838, "max_depth": 9.91800722048059, "min_child_weight": 7.961776314130361, "subsample": 0.5641437621632249}, "datetime": {"datetime": "2018-12-04 22:58:50", "elapsed": 1389.256109, "delta": 35.623665}}
{"target": -0.3279926, "params": {"colsample_bytree": 0.9292343602408679, "exp_alpha": -3.3413436570376156, "exp_eta": -1.637882733326402, "exp_gamma": -0.4145218802053119, "exp_lambda": -1.718410413003281, "max_depth": 7.140775272573086, "min_child_weight": 1.0756214516075298, "subsample": 0.9959897443499197}, "datetime": {"datetime": "2018-12-04 22:59:17", "elapsed": 1416.063206, "delta": 26.807097}}
{"target": -0.3314082, "params": {"colsample_bytree": 0.9740730048529116, "exp_alpha": -0.7918763025695519, "exp_eta": -0.5261583646565327, "exp_gamma": -1.5702758902765712, "exp_lambda": 1.9265982820749286, "max_depth": 5.655727639619553, "min_child_weight": 3.636457093254536, "subsample": 0.9734980409350292}, "datetime": {"datetime": "2018-12-04 22:59:37", "elapsed": 1435.750454, "delta": 19.687248}}
{"target": -0.314995, "params": {"colsample_bytree": 0.9910808375928142, "exp_alpha": 0.0561312745743372, "exp_eta": -1.4587119305548912, "exp_gamma": -1.2371430428364731, "exp_lambda": 1.13496935132892, "max_depth": 8.420766677533702, "min_child_weight": 8.937131643221814, "subsample": 0.9813610530261142}, "datetime": {"datetime": "2018-12-04 23:00:08", "elapsed": 1466.284076, "delta": 30.533622}}
{"target": -0.3222086, "params": {"colsample_bytree": 0.9512826460898449, "exp_alpha": -2.7949064789209372, "exp_eta": -1.2145087899317284, "exp_gamma": -1.097780861797514, "exp_lambda": -0.8535065686571932, "max_depth": 7.563018595605199, "min_child_weight": 1.3242940777835093, "subsample": 0.9384226230935103}, "datetime": {"datetime": "2018-12-04 23:00:35", "elapsed": 1493.957727, "delta": 27.673651}}
{"target": -0.3281718, "params": {"colsample_bytree": 0.9900386184516339, "exp_alpha": -3.159288035038559, "exp_eta": -0.9063656195859515, "exp_gamma": -1.200016881754577, "exp_lambda": -0.42290831071260415, "max_depth": 7.917075966032953, "min_child_weight": 2.3738494039852167, "subsample": 0.9973313968656469}, "datetime": {"datetime": "2018-12-04 23:00:59", "elapsed": 1518.105508, "delta": 24.147781}}
{"target": -0.3225926, "params": {"colsample_bytree": 0.9954017198675595, "exp_alpha": -4.580070447633522, "exp_eta": -1.011056897203831, "exp_gamma": -0.6216046900102423, "exp_lambda": 1.8172633464994505, "max_depth": 9.508496618264036, "min_child_weight": 13.865935943716735, "subsample": 0.9752000189851101}, "datetime": {"datetime": "2018-12-04 23:01:31", "elapsed": 1550.049167, "delta": 31.943659}}
{"target": -0.3312624, "params": {"colsample_bytree": 0.9888663077800153, "exp_alpha": -0.47596670471555846, "exp_eta": -0.5346766352375343, "exp_gamma": -1.6893176638980938, "exp_lambda": 1.9914697818853417, "max_depth": 4.306506829507244, "min_child_weight": 7.439825335559876, "subsample": 0.9817923620711598}, "datetime": {"datetime": "2018-12-04 23:01:52", "elapsed": 1571.143124, "delta": 21.093957}}
{"target": -0.33062320000000006, "params": {"colsample_bytree": 0.9994027496237545, "exp_alpha": -0.8689613308080402, "exp_eta": -0.5395029021299977, "exp_gamma": -1.994712830265288, "exp_lambda": 1.9060302769388358, "max_depth": 7.508056490334814, "min_child_weight": 3.374121323624972, "subsample": 0.957457915800764}, "datetime": {"datetime": "2018-12-04 23:02:11", "elapsed": 1589.766432, "delta": 18.623308}}
{"target": -0.3178764, "params": {"colsample_bytree": 0.9862590434637826, "exp_alpha": -0.3723607833010414, "exp_eta": -1.4117595101163252, "exp_gamma": -1.0088556256591068, "exp_lambda": 1.314599680919505, "max_depth": 8.651854800694657, "min_child_weight": 8.18353305587097, "subsample": 0.9614967252220782}, "datetime": {"datetime": "2018-12-04 23:02:41", "elapsed": 1620.205415, "delta": 30.438983}}
{"target": -0.3170174, "params": {"colsample_bytree": 0.9969852779834272, "exp_alpha": 0.026544140375739822, "exp_eta": -1.4419448522318847, "exp_gamma": -0.8811003197601956, "exp_lambda": -0.22518707860394027, "max_depth": 7.9545538824686775, "min_child_weight": 7.41894727530044, "subsample": 0.9135272138317194}, "datetime": {"datetime": "2018-12-04 23:03:11", "elapsed": 1649.384234, "delta": 29.178819}}
{"target": -0.3220598, "params": {"colsample_bytree": 0.9658569731842228, "exp_alpha": -4.213236381745874, "exp_eta": -1.507049058650318, "exp_gamma": -1.125516292440813, "exp_lambda": -1.7659034458709355, "max_depth": 9.984470222011101, "min_child_weight": 8.757671686932156, "subsample": 0.6614433613777386}, "datetime": {"datetime": "2018-12-04 23:03:45", "elapsed": 1683.765872, "delta": 34.381638}}
