{"target": -0.32998340000000004, "params": {"colsample_bytree": 0.987446888277838, "exp_alpha": -3.132278012227574, "exp_eta": -1.7156427886273335, "exp_gamma": -0.1981853630071364, "exp_lambda": -1.6319742897426308, "max_depth": 7.717622004462619, "min_child_weight": 14.849985893177479, "subsample": 0.9494001410070212}, "datetime": {"datetime": "2018-12-04 23:04:14", "elapsed": 1712.939741, "delta": 29.173869}}
