{"target": -0.3229152, "params": {"colsample_bytree": 0.9787452000110053, "exp_alpha": -1.3680770069108323, "exp_eta": -0.7523963943441234, "exp_gamma": -1.2172113446332924, "exp_lambda": 1.7958244634054248, "max_depth": 9.220454230036736, "min_child_weight": 12.167628128184118, "subsample": 0.974585008836241}, "datetime": {"datetime": "2018-12-04 21:39:34", "elapsed": 2347.406208, "delta": 33.496977}}
{"target": -0.505251, "params": {"colsample_bytree": 1.0, "exp_alpha": -1.1671677429947747, "exp_eta": -1.999113556929828, "exp_gamma": -2.0, "exp_lambda": -2.0, "max_depth": 3.7701096638274025, "min_child_weight": 15.0, "subsample": 1.0}, "datetime": {"datetime": "2018-12-04 21:59:34", "elapsed": 0.0, "delta": 0.0}}
{"target": -0.32980339999999997, "params": {"colsample_bytree": 0.9900686712522186, "exp_alpha": -3.623463883460223, "exp_eta": -1.7644369317179909, "exp_gamma": -0.9578880682393711, "exp_lambda": -0.7357438114934984, "max_depth": 9.986660693670771, "min_child_weight": 13.139516139950553, "subsample": 0.997238053294494}, "datetime": {"datetime": "2018-12-04 22:00:13", "elapsed": 39.315641, "delta": 39.315641}}
{"target": -0.3338754, "params": {"colsample_bytree": 1.0, "exp_alpha": -1.771252867142317, "exp_eta": -0.5, "exp_gamma": -0.5905613205470728, "exp_lambda": 2.0, "max_depth": 6.232798401562015, "min_child_weight": 1.0, "subsample": 1.0}, "datetime": {"datetime": "2018-12-04 22:00:41", "elapsed": 67.105535, "delta": 27.789894}}
{"target": -0.3289406, "params": {"colsample_bytree": 0.9972808665410484, "exp_alpha": -2.8718935138834873, "exp_eta": -1.7570597343459389, "exp_gamma": -1.694391066348961, "exp_lambda": -1.850322104950921, "max_depth": 8.174994184973595, "min_child_weight": 1.248059440738579, "subsample": 0.9973893950148801}, "datetime": {"datetime": "2018-12-04 22:01:18", "elapsed": 104.110283, "delta": 37.004748}}
{"target": -0.3250012, "params": {"colsample_bytree": 0.9713821366528086, "exp_alpha": -1.3161115425333998, "exp_eta": -0.7773310990106201, "exp_gamma": -1.444140687076822, "exp_lambda": 1.9988155358412265, "max_depth": 8.649364920060155, "min_child_weight": 10.372864761717128, "subsample": 0.9167170029534538}, "datetime": {"datetime": "2018-12-04 22:01:49", "elapsed": 135.121427, "delta": 31.011144}}
{"target": -0.3327326, "params": {"colsample_bytree": 1.0, "exp_alpha": -5.0, "exp_eta": -1.2801910869712088, "exp_gamma": -0.6766783216916478, "exp_lambda": -0.9212561001713246, "max_depth": 8.128635299833226, "min_child_weight": 15.0, "subsample": 0.4}, "datetime": {"datetime": "2018-12-04 22:02:23", "elapsed": 168.542911, "delta": 33.421484}}
{"target": -0.3164074, "params": {"colsample_bytree": 0.9911059299423541, "exp_alpha": -0.2738800557839145, "exp_eta": -1.4311202926375837, "exp_gamma": -1.2693477296536555, "exp_lambda": -0.22811914160279434, "max_depth": 7.713295390633862, "min_child_weight": 7.494833855851359, "subsample": 0.8727538569776335}, "datetime": {"datetime": "2018-12-04 22:02:54", "elapsed": 200.393581, "delta": 31.85067}}
{"target": -0.3276826, "params": {"colsample_bytree": 1.0, "exp_alpha": -4.76768845821096, "exp_eta": -0.9100257572059368, "exp_gamma": -0.62552469877924, "exp_lambda": -1.4798933179448768, "max_depth": 7.200290342455299, "min_child_weight": 15.0, "subsample": 1.0}, "datetime": {"datetime": "2018-12-04 22:03:17", "elapsed": 222.93674, "delta": 22.543159}}
{"target": -0.352688, "params": {"colsample_bytree": 1.0, "exp_alpha": -2.397248209681564, "exp_eta": -0.8019404985711716, "exp_gamma": -1.4426157540618145, "exp_lambda": -1.9981195328756924, "max_depth": 8.51478062734297, "min_child_weight": 15.0, "subsample": 0.4}, "datetime": {"datetime": "2018-12-04 22:03:38", "elapsed": 244.253363, "delta": 21.316623}}
{"target": -0.3246166, "params": {"colsample_bytree": 0.9952744921122691, "exp_alpha": -0.5334254723188367, "exp_eta": -1.8230810967021776, "exp_gamma": -1.3591647851174886, "exp_lambda": -1.8276498742652922, "max_depth": 7.7220754351510505, "min_child_weight": 7.237346831535703, "subsample": 0.8627186659469708}, "datetime": {"datetime": "2018-12-04 22:04:08", "elapsed": 274.475019, "delta": 30.221656}}
{"target": -0.32239680000000004, "params": {"colsample_bytree": 0.9501234230911793, "exp_alpha": -0.4427964014985353, "exp_eta": -1.6919343846459922, "exp_gamma": -0.8528165036108359, "exp_lambda": -0.7554437364219484, "max_depth": 7.169151923659174, "min_child_weight": 7.0437999252216, "subsample": 0.8643430092911102}, "datetime": {"datetime": "2018-12-04 22:04:40", "elapsed": 306.079089, "delta": 31.60407}}
{"target": -0.32194500000000004, "params": {"colsample_bytree": 0.9578435602027084, "exp_alpha": -0.918741676776837, "exp_eta": -1.3406583846915918, "exp_gamma": -1.8805294534469512, "exp_lambda": -1.26464531274193, "max_depth": 7.61067709391681, "min_child_weight": 6.062489567910938, "subsample": 0.9956860418046921}, "datetime": {"datetime": "2018-12-04 22:05:09", "elapsed": 334.818505, "delta": 28.739416}}
{"target": -0.545987, "params": {"colsample_bytree": 1.0, "exp_alpha": 1.976742670733789, "exp_eta": -0.5, "exp_gamma": -1.0688729202646479, "exp_lambda": 2.0, "max_depth": 3.1922400349757765, "min_child_weight": 7.924597032437269, "subsample": 1.0}, "datetime": {"datetime": "2018-12-04 22:05:25", "elapsed": 350.936178, "delta": 16.117673}}
{"target": -0.3484268, "params": {"colsample_bytree": 1.0, "exp_alpha": -0.9273137743914471, "exp_eta": -0.5, "exp_gamma": -2.0, "exp_lambda": -0.4587010191368876, "max_depth": 3.000000006803848, "min_child_weight": 1.0000000061886891, "subsample": 1.0}, "datetime": {"datetime": "2018-12-04 22:05:49", "elapsed": 374.782473, "delta": 23.846295}}
{"target": -0.323365, "params": {"colsample_bytree": 0.9973963698594761, "exp_alpha": -0.22699822544520476, "exp_eta": -0.9569392348291967, "exp_gamma": -1.3536124279071395, "exp_lambda": 1.9782794401140067, "max_depth": 6.158764329456898, "min_child_weight": 9.025490225492895, "subsample": 0.9839466293593342}, "datetime": {"datetime": "2018-12-04 22:06:17", "elapsed": 402.857504, "delta": 28.075031}}
{"target": -0.3295658, "params": {"colsample_bytree": 0.9784058692491377, "exp_alpha": -4.646383213092857, "exp_eta": -0.7595401686359584, "exp_gamma": -1.1530797444625933, "exp_lambda": -0.12037202587014528, "max_depth": 9.796384359719937, "min_child_weight": 12.004644497400701, "subsample": 0.9201404807864855}, "datetime": {"datetime": "2018-12-04 22:06:38", "elapsed": 423.576148, "delta": 20.718644}}
{"target": -0.3210052, "params": {"colsample_bytree": 0.9991790660842599, "exp_alpha": -0.5203634982710037, "exp_eta": -1.2373933077335906, "exp_gamma": -1.7642818017124542, "exp_lambda": -1.1189021219742363, "max_depth": 6.667343606660423, "min_child_weight": 7.055157278029284, "subsample": 0.9008982472074676}, "datetime": {"datetime": "2018-12-04 22:07:05", "elapsed": 450.954139, "delta": 27.377991}}
{"target": -0.3187798, "params": {"colsample_bytree": 0.9842967062299761, "exp_alpha": -0.5266520049040002, "exp_eta": -1.550477198597567, "exp_gamma": -1.3214326525832458, "exp_lambda": 1.1214200658507933, "max_depth": 8.842100174840578, "min_child_weight": 9.34814551196133, "subsample": 0.760395975588553}, "datetime": {"datetime": "2018-12-04 22:07:39", "elapsed": 485.483055, "delta": 34.528916}}
{"target": -0.3249394, "params": {"colsample_bytree": 0.9923487431734554, "exp_alpha": -2.5749124104775576, "exp_eta": -1.5765377378420276, "exp_gamma": -0.782221753262824, "exp_lambda": -1.7584891672308238, "max_depth": 8.732389031693248, "min_child_weight": 2.9491349206795507, "subsample": 0.9658540807690935}, "datetime": {"datetime": "2018-12-04 22:08:12", "elapsed": 517.645709, "delta": 32.162654}}
{"target": -0.33851439999999994, "params": {"colsample_bytree": 1.0, "exp_alpha": -0.8213899212590636, "exp_eta": -0.5, "exp_gamma": -1.7875986229198757, "exp_lambda": 1.0773476610024195, "max_depth": 4.05835466618779, "min_child_weight": 2.918143501795101, "subsample": 1.0}, "datetime": {"datetime": "2018-12-04 22:08:34", "elapsed": 539.594962, "delta": 21.949253}}
{"target": -0.3138992, "params": {"colsample_bytree": 0.9898433872684396, "exp_alpha": -0.38096389492228777, "exp_eta": -1.5747667191409462, "exp_gamma": -1.1237278705590636, "exp_lambda": 0.652920039568591, "max_depth": 9.548373867357132, "min_child_weight": 8.992307171748472, "subsample": 0.8757978789388117}, "datetime": {"datetime": "2018-12-04 22:09:09", "elapsed": 574.978701, "delta": 35.383739}}
{"target": -0.34469879999999997, "params": {"colsample_bytree": 0.9650950845833046, "exp_alpha": 0.5452096902794592, "exp_eta": -1.5526919648217157, "exp_gamma": -1.8539893763745066, "exp_lambda": 0.11966436736252328, "max_depth": 5.77260884295101, "min_child_weight": 7.515699481761671, "subsample": 0.916800374256796}, "datetime": {"datetime": "2018-12-04 22:09:35", "elapsed": 601.185462, "delta": 26.206761}}
{"target": -0.3297426, "params": {"colsample_bytree": 1.0, "exp_alpha": -1.2577249128584638, "exp_eta": -0.9676972940454057, "exp_gamma": -0.8252064976884466, "exp_lambda": -1.9999999955692902, "max_depth": 8.178946911094112, "min_child_weight": 15.0, "subsample": 1.0}, "datetime": {"datetime": "2018-12-04 22:09:58", "elapsed": 624.401679, "delta": 23.216217}}
{"target": -0.32114260000000006, "params": {"colsample_bytree": 0.9982070534336664, "exp_alpha": -4.49684202666764, "exp_eta": -0.9490086044021326, "exp_gamma": -1.4767606036232683, "exp_lambda": 0.3648081949302697, "max_depth": 8.680075862950513, "min_child_weight": 14.77520387061399, "subsample": 0.9662343539144357}, "datetime": {"datetime": "2018-12-04 22:10:22", "elapsed": 648.340173, "delta": 23.938494}}
{"target": -0.33565880000000003, "params": {"colsample_bytree": 0.9901495286908739, "exp_alpha": -2.0466806782360254, "exp_eta": -0.6337278964220778, "exp_gamma": -1.6868902930822203, "exp_lambda": -0.6315738413454275, "max_depth": 7.689542090848988, "min_child_weight": 14.811134058494886, "subsample": 0.9895388577697811}, "datetime": {"datetime": "2018-12-04 22:10:45", "elapsed": 670.560954, "delta": 22.220781}}
{"target": -0.323956, "params": {"colsample_bytree": 0.9691703873773998, "exp_alpha": -0.5677923754053396, "exp_eta": -1.8767416502472711, "exp_gamma": -1.1953189259180532, "exp_lambda": -1.061991213788616, "max_depth": 8.534661879058019, "min_child_weight": 7.0904044213801685, "subsample": 0.9035777450244975}, "datetime": {"datetime": "2018-12-04 22:11:17", "elapsed": 703.403854, "delta": 32.8429}}
{"target": -0.3248454, "params": {"colsample_bytree": 0.9783404357314756, "exp_alpha": -4.894040362955919, "exp_eta": -0.8974015414995795, "exp_gamma": -1.347280154913289, "exp_lambda": -0.10730767527009588, "max_depth": 7.40225921946826, "min_child_weight": 13.19230998548472, "subsample": 0.9828019492068086}, "datetime": {"datetime": "2018-12-04 22:11:40", "elapsed": 726.458365, "delta": 23.054511}}
{"target": -0.3313552, "params": {"colsample_bytree": 0.9466441788327455, "exp_alpha": -4.829086792397081, "exp_eta": -0.5334564372279524, "exp_gamma": -1.455474787821219, "exp_lambda": 1.0213353756154588, "max_depth": 8.948579524838935, "min_child_weight": 14.142173105892715, "subsample": 0.9703382146926165}, "datetime": {"datetime": "2018-12-04 22:11:59", "elapsed": 745.065968, "delta": 18.607603}}
{"target": -0.32399, "params": {"colsample_bytree": 0.9737283946351949, "exp_alpha": -4.876141509010507, "exp_eta": -1.5670540838725402, "exp_gamma": -1.5106678357173666, "exp_lambda": -0.41995407986603395, "max_depth": 8.900276784998557, "min_child_weight": 13.815471368216421, "subsample": 0.9926305570568841}, "datetime": {"datetime": "2018-12-04 22:12:30", "elapsed": 776.177636, "delta": 31.111668}}
{"target": -0.3175328, "params": {"colsample_bytree": 0.9926087613524313, "exp_alpha": 0.0569655391505961, "exp_eta": -1.6879496506801108, "exp_gamma": -0.6165433605730599, "exp_lambda": 0.8163947585428613, "max_depth": 9.05633799070693, "min_child_weight": 9.38197557004145, "subsample": 0.9211458290012564}, "datetime": {"datetime": "2018-12-04 22:13:03", "elapsed": 808.665007, "delta": 32.487371}}
{"target": -0.3225778, "params": {"colsample_bytree": 0.9941095773147348, "exp_alpha": -2.0559315801650992, "exp_eta": -0.7048032763645917, "exp_gamma": -0.21646558845513075, "exp_lambda": 1.0997762235947506, "max_depth": 8.87555714124362, "min_child_weight": 14.95984857369719, "subsample": 0.9065913872290418}, "datetime": {"datetime": "2018-12-04 22:13:34", "elapsed": 839.775716, "delta": 31.110709}}
{"target": -0.321177, "params": {"colsample_bytree": 0.9854428292254684, "exp_alpha": -0.2108504843948058, "exp_eta": -0.9464481207860902, "exp_gamma": -1.1026034879765083, "exp_lambda": 1.9506858245285161, "max_depth": 8.424661117683016, "min_child_weight": 9.71784073961234, "subsample": 0.907797892278849}, "datetime": {"datetime": "2018-12-04 22:14:06", "elapsed": 872.47412, "delta": 32.698404}}
{"target": -0.3168544, "params": {"colsample_bytree": 0.9861273920958809, "exp_alpha": 0.039733020272459285, "exp_eta": -1.2575900101956263, "exp_gamma": -1.2223968947538895, "exp_lambda": -0.7324369315405104, "max_depth": 7.869872557716354, "min_child_weight": 6.2765094286553325, "subsample": 0.8889169101988288}, "datetime": {"datetime": "2018-12-04 22:14:37", "elapsed": 903.071235, "delta": 30.597115}}
{"target": -0.32253659999999995, "params": {"colsample_bytree": 0.9854404780199604, "exp_alpha": -4.974201270348442, "exp_eta": -0.8419923851206403, "exp_gamma": -0.4759990132922258, "exp_lambda": 0.009888419435363893, "max_depth": 8.110385443906715, "min_child_weight": 11.450355015720948, "subsample": 0.9973654936624412}, "datetime": {"datetime": "2018-12-04 22:15:06", "elapsed": 931.745795, "delta": 28.67456}}
{"target": -0.3150044, "params": {"colsample_bytree": 0.999220866270512, "exp_alpha": -1.258783963973464, "exp_eta": -1.4363919168983512, "exp_gamma": -0.9637661929794201, "exp_lambda": 1.1932387328847867, "max_depth": 9.205131934067873, "min_child_weight": 9.560152020475101, "subsample": 0.8922241275669568}, "datetime": {"datetime": "2018-12-04 22:15:39", "elapsed": 965.093478, "delta": 33.347683}}
{"target": -0.3214686, "params": {"colsample_bytree": 0.9955605419415667, "exp_alpha": -3.9294258852131536, "exp_eta": -1.007774141849522, "exp_gamma": 0.03891479696397715, "exp_lambda": 0.4391543964358209, "max_depth": 8.094001523488107, "min_child_weight": 14.491847067370227, "subsample": 0.8339669447847053}, "datetime": {"datetime": "2018-12-04 22:16:09", "elapsed": 995.413855, "delta": 30.320377}}
{"target": -0.3194534, "params": {"colsample_bytree": 0.9920885943277284, "exp_alpha": -2.019334379140194, "exp_eta": -1.728003723523444, "exp_gamma": -0.825682031067291, "exp_lambda": -0.14984931957049596, "max_depth": 9.295903721900501, "min_child_weight": 11.411460119054803, "subsample": 0.8892955092210875}, "datetime": {"datetime": "2018-12-04 22:16:44", "elapsed": 1030.480684, "delta": 35.066829}}
{"target": -0.320588, "params": {"colsample_bytree": 0.9654555358667885, "exp_alpha": -4.110698350752945, "exp_eta": -1.0869749904458859, "exp_gamma": -0.7728384499092904, "exp_lambda": -0.37470664857736136, "max_depth": 8.375128930948053, "min_child_weight": 14.616503655575519, "subsample": 0.9395391149608536}, "datetime": {"datetime": "2018-12-04 22:17:12", "elapsed": 1057.796119, "delta": 27.315435}}
{"target": -0.3321912, "params": {"colsample_bytree": 0.9215116150278531, "exp_alpha": -2.3357237850262735, "exp_eta": -0.8385132083507256, "exp_gamma": 0.19039070154950943, "exp_lambda": -0.9609596661944013, "max_depth": 7.508548642370398, "min_child_weight": 14.97824097116329, "subsample": 0.9416710139713224}, "datetime": {"datetime": "2018-12-04 22:17:36", "elapsed": 1082.260663, "delta": 24.464544}}
{"target": -0.3300332, "params": {"colsample_bytree": 0.9882684207458494, "exp_alpha": -3.493908528130659, "exp_eta": -0.5299132691978572, "exp_gamma": -0.4936279780934223, "exp_lambda": 0.6629230372125243, "max_depth": 8.290894336843564, "min_child_weight": 14.383696709554394, "subsample": 0.9317223582329794}, "datetime": {"datetime": "2018-12-04 22:17:57", "elapsed": 1103.33031, "delta": 21.069647}}
{"target": -0.3406236, "params": {"colsample_bytree": 1.0, "exp_alpha": -1.3422736075270738, "exp_eta": -1.880180891753392, "exp_gamma": -0.37442399265035514, "exp_lambda": -0.7292486693509251, "max_depth": 9.774627245527899, "min_child_weight": 15.0, "subsample": 0.40000004512312476}, "datetime": {"datetime": "2018-12-04 22:18:32", "elapsed": 1138.531638, "delta": 35.201328}}
{"target": -0.3330396, "params": {"colsample_bytree": 0.9838302266617154, "exp_alpha": -1.925449464649172, "exp_eta": -1.9069501575416885, "exp_gamma": -0.4194338918652054, "exp_lambda": -0.9125052609142972, "max_depth": 8.497123469561124, "min_child_weight": 14.243272421292565, "subsample": 0.5844425074211862}, "datetime": {"datetime": "2018-12-04 22:19:05", "elapsed": 1171.484972, "delta": 32.953334}}
{"target": -0.319209, "params": {"colsample_bytree": 0.9534111351945456, "exp_alpha": -4.604787154800391, "exp_eta": -1.3571972823234546, "exp_gamma": -0.6377141772502575, "exp_lambda": 0.21594196378999397, "max_depth": 8.154117044661913, "min_child_weight": 14.403855819166703, "subsample": 0.9810235111647567}, "datetime": {"datetime": "2018-12-04 22:19:35", "elapsed": 1200.681543, "delta": 29.196571}}
{"target": -0.32669139999999997, "params": {"colsample_bytree": 0.9967637547386523, "exp_alpha": -4.389019994360787, "exp_eta": -1.622411470332196, "exp_gamma": -0.7915614820892873, "exp_lambda": -0.9039070241417981, "max_depth": 9.623244197797574, "min_child_weight": 10.79187760370625, "subsample": 0.9786139077332836}, "datetime": {"datetime": "2018-12-04 22:20:07", "elapsed": 1232.986286, "delta": 32.304743}}
{"target": -0.320832, "params": {"colsample_bytree": 0.9884080070626433, "exp_alpha": -3.763339820688377, "exp_eta": -1.3481997071525187, "exp_gamma": -0.4123161695452118, "exp_lambda": -0.15006872973012708, "max_depth": 7.323714766222243, "min_child_weight": 14.64189049483376, "subsample": 0.9296038191371462}, "datetime": {"datetime": "2018-12-04 22:20:33", "elapsed": 1259.301079, "delta": 26.314793}}
{"target": -0.317625, "params": {"colsample_bytree": 0.9775025774344834, "exp_alpha": -0.13584899684098417, "exp_eta": -1.3547203492257616, "exp_gamma": -1.607079204260236, "exp_lambda": -1.8938544172198064, "max_depth": 8.771193953957491, "min_child_weight": 5.981196526190647, "subsample": 0.6837891797827942}, "datetime": {"datetime": "2018-12-04 22:21:06", "elapsed": 1291.568032, "delta": 32.266953}}
{"target": -0.31887420000000005, "params": {"colsample_bytree": 0.999959186057864, "exp_alpha": -4.750148231698461, "exp_eta": -1.371546330274609, "exp_gamma": -0.27825671385166206, "exp_lambda": 0.35083738786397456, "max_depth": 8.371801546005761, "min_child_weight": 12.993854677199206, "subsample": 0.9428558557533099}, "datetime": {"datetime": "2018-12-04 22:21:35", "elapsed": 1321.078012, "delta": 29.50998}}
{"target": -0.32149, "params": {"colsample_bytree": 0.9940117252894718, "exp_alpha": -1.9890054586817962, "exp_eta": -1.2967979892542678, "exp_gamma": -0.3555802140784454, "exp_lambda": -0.12382568610333289, "max_depth": 9.044832216881655, "min_child_weight": 14.934433165436879, "subsample": 0.9881489573059901}, "datetime": {"datetime": "2018-12-04 22:22:07", "elapsed": 1352.604692, "delta": 31.52668}}
{"target": -0.344023, "params": {"colsample_bytree": 0.9989865970941925, "exp_alpha": -4.896337749180837, "exp_eta": -0.895890616827252, "exp_gamma": 0.31521270074477137, "exp_lambda": -0.26861494509876715, "max_depth": 6.471889714673887, "min_child_weight": 13.641856026301252, "subsample": 0.9751671833329535}, "datetime": {"datetime": "2018-12-04 22:22:31", "elapsed": 1377.362935, "delta": 24.758243}}
{"target": -0.319743, "params": {"colsample_bytree": 0.9987675841880723, "exp_alpha": -2.1892591175406384, "exp_eta": -1.3532495652057395, "exp_gamma": -0.7818430532395513, "exp_lambda": 0.6004306464941864, "max_depth": 9.968455716219555, "min_child_weight": 11.575752313502669, "subsample": 0.5855818828232592}, "datetime": {"datetime": "2018-12-04 22:23:04", "elapsed": 1409.720376, "delta": 32.357441}}
{"target": -0.3291244, "params": {"colsample_bytree": 0.9991877003575305, "exp_alpha": -0.7064948581965069, "exp_eta": -1.9782073266023394, "exp_gamma": -0.6546250180508588, "exp_lambda": 0.14272158452392336, "max_depth": 8.938300777199363, "min_child_weight": 9.17667648112471, "subsample": 0.8265502589170812}, "datetime": {"datetime": "2018-12-04 22:35:41", "elapsed": 0.0, "delta": 0.0}}
{"target": -0.3172438, "params": {"colsample_bytree": 0.9622910491266257, "exp_alpha": -0.4615764818388062, "exp_eta": -1.3587297424000546, "exp_gamma": -0.8006375366148633, "exp_lambda": 0.3418846492326093, "max_depth": 9.088092998000619, "min_child_weight": 8.153569865361153, "subsample": 0.9902688065223157}, "datetime": {"datetime": "2018-12-04 22:36:15", "elapsed": 34.088899, "delta": 34.088899}}
{"target": -0.3206896, "params": {"colsample_bytree": 0.9973170368632538, "exp_alpha": 0.11357271028095095, "exp_eta": -1.2319734002248173, "exp_gamma": -0.8328566589213682, "exp_lambda": 1.37378885989658, "max_depth": 8.406700900479382, "min_child_weight": 8.124617324559056, "subsample": 0.7246662109770696}, "datetime": {"datetime": "2018-12-04 22:36:49", "elapsed": 67.805176, "delta": 33.716277}}
{"target": -0.32234679999999993, "params": {"colsample_bytree": 0.9989179464487585, "exp_alpha": -1.3086106414730496, "exp_eta": -0.9629649320314198, "exp_gamma": -1.389479982079839, "exp_lambda": -0.2138613387175603, "max_depth": 8.626994233102568, "min_child_weight": 14.98217552975618, "subsample": 0.9748867785903066}, "datetime": {"datetime": "2018-12-04 22:37:11", "elapsed": 90.12876, "delta": 22.323584}}
