{"target": -0.4585452, "params": {"colsample_bytree": 0.49963209507789, "exp_alpha": 1.6550001448694136, "exp_eta": -0.9020090872828923, "exp_gamma": 0.3946339367881464, "exp_lambda": -1.375925438230254, "max_depth": 4.091961642353418, "min_child_weight": 1.5227525095137953, "subsample": 0.9197056874649611}, "datetime": {"datetime": "2018-12-04 13:55:23", "elapsed": 0.0, "delta": 0.0}}
{"target": -0.6228696, "params": {"colsample_bytree": 0.6808920093945671, "exp_alpha": -0.04349195542768136, "exp_eta": -1.9691232585562963, "exp_gamma": 1.8796394086479773, "exp_lambda": 1.329770563201687, "max_depth": 4.486373774747933, "min_child_weight": 2.636424704863906, "subsample": 0.5100427059120604}, "datetime": {"datetime": "2018-12-04 13:55:41", "elapsed": 17.591761, "delta": 17.591761}}
{"target": -0.44362899999999994, "params": {"colsample_bytree": 0.4433937943676302, "exp_alpha": -1.3267049785743352, "exp_eta": -1.3520824720368263, "exp_gamma": -0.8350834392078323, "exp_lambda": 0.4474115788895179, "max_depth": 3.9764570245642927, "min_child_weight": 3.629301836816963, "subsample": 0.619817105976215}, "datetime": {"datetime": "2018-12-04 13:55:52", "elapsed": 28.945447, "delta": 11.353686}}
{"target": -0.47733419999999993, "params": {"colsample_bytree": 0.5648559873736287, "exp_alpha": 0.496231729751095, "exp_eta": -1.7004893267624603, "exp_gamma": 0.05693775365444642, "exp_lambda": 0.36965827544816987, "max_depth": 3.325152889039984, "min_child_weight": 6.467903667112945, "subsample": 0.502314474212375}, "datetime": {"datetime": "2018-12-04 13:56:05", "elapsed": 41.314072, "delta": 12.368625}}
{"target": -0.5645658, "params": {"colsample_bytree": 0.25204127438822366, "exp_alpha": 1.6421987607733328, "exp_eta": -0.551551950388161, "exp_gamma": 1.2335893924658445, "exp_lambda": -0.7815449233065173, "max_depth": 3.683704798044687, "min_child_weight": 7.158097238609412, "subsample": 0.6640914962437607}, "datetime": {"datetime": "2018-12-04 13:56:16", "elapsed": 52.95414, "delta": 11.640068}}
{"target": -0.5719529999999999, "params": {"colsample_bytree": 0.2976305878758231, "exp_alpha": -1.5337616292211087, "exp_eta": -1.9484172183271724, "exp_gamma": 1.6372816083151283, "exp_lambda": -0.9648800735999323, "max_depth": 7.637655990477874, "min_child_weight": 3.8053996848046987, "subsample": 0.7120408127066865}, "datetime": {"datetime": "2018-12-04 13:56:34", "elapsed": 70.362875, "delta": 17.408735}}
{"target": -0.4202678000000001, "params": {"colsample_bytree": 0.6373682234746237, "exp_alpha": -3.706018811321311, "exp_eta": -0.5456230583531623, "exp_gamma": 1.1005312934444582, "exp_lambda": 1.7579957662567565, "max_depth": 9.26379145299354, "min_child_weight": 6.381099809299767, "subsample": 0.9531245410138701}, "datetime": {"datetime": "2018-12-04 13:56:46", "elapsed": 82.435372, "delta": 12.072497}}
{"target": -0.6081754, "params": {"colsample_bytree": 0.2707940016415356, "exp_alpha": -3.6281199630659837, "exp_eta": -1.9321590666341928, "exp_gamma": -0.6986786769469426, "exp_lambda": -0.44529084124207197, "max_depth": 4.899443222417272, "min_child_weight": 8.458637582367365, "subsample": 0.6140519960161536}, "datetime": {"datetime": "2018-12-04 13:56:57", "elapsed": 94.085784, "delta": 11.650412}}
{"target": -0.4614234, "params": {"colsample_bytree": 0.4247476077499046, "exp_alpha": -1.2011274178922609, "exp_eta": -1.788613662537856, "exp_gamma": 1.2087879230161587, "exp_lambda": -1.7017974252809167, "max_depth": 9.908208556203622, "min_child_weight": 7.9502029236699165, "subsample": 0.5192294089205034}, "datetime": {"datetime": "2018-12-04 13:57:24", "elapsed": 120.66759, "delta": 26.581806}}
{"target": -0.5372598, "params": {"colsample_bytree": 0.20441769369888194, "exp_alpha": 0.708229999183839, "exp_eta": -0.9397139842285744, "exp_gamma": 0.9160286721639492, "exp_lambda": 1.085081386743783, "max_depth": 3.5183125621386324, "min_child_weight": 4.226191556898454, "subsample": 0.4695214357150779}, "datetime": {"datetime": "2018-12-04 13:57:33", "elapsed": 129.213468, "delta": 8.545878}}
{"target": -0.3394924, "params": {"colsample_bytree": 0.890482740700475, "exp_alpha": -0.636913112207095, "exp_eta": -1.5036529627210262, "exp_gamma": -1.7457665988559055, "exp_lambda": -0.7560707131373512, "max_depth": 5.276283254187229, "min_child_weight": 7.566455605042576, "subsample": 0.7825344828131279}, "datetime": {"datetime": "2018-12-04 13:57:54", "elapsed": 150.977921, "delta": 21.764453}}
{"target": -0.41643860000000005, "params": {"colsample_bytree": 0.9097701940610612, "exp_alpha": -1.694495523866355, "exp_eta": -1.8206086310925476, "exp_gamma": 0.85297914889198, "exp_lambda": 1.0431401944675898, "max_depth": 6.9289403829864735, "min_child_weight": 7.938704619591049, "subsample": 0.6962773578186345}, "datetime": {"datetime": "2018-12-04 13:58:21", "elapsed": 177.753875, "delta": 26.775954}}
{"target": -0.3489936, "params": {"colsample_bytree": 0.6181862635055952, "exp_alpha": -2.0072128714901525, "exp_eta": -1.9618713098838572, "exp_gamma": -1.5684342920267822, "exp_lambda": -1.874283257253063, "max_depth": 7.454872878846463, "min_child_weight": 3.82920382968694, "subsample": 0.7051424146988217}, "datetime": {"datetime": "2018-12-04 13:58:48", "elapsed": 204.452199, "delta": 26.698324}}
{"target": -0.5044321999999999, "params": {"colsample_bytree": 0.9260531791408744, "exp_alpha": -3.2549543959578755, "exp_eta": -1.3844256154465553, "exp_gamma": 1.0222045541721947, "exp_lambda": -1.0848073380335101, "max_depth": 3.538859368801551, "min_child_weight": 3.6077630762239123, "subsample": 0.49673277235240265}, "datetime": {"datetime": "2018-12-04 13:59:02", "elapsed": 218.881844, "delta": 14.429645}}
{"target": -0.5257924, "params": {"colsample_bytree": 0.9437581218740585, "exp_alpha": 0.6568426569509187, "exp_eta": -1.0498943652343649, "exp_gamma": 1.4858423607508708, "exp_lambda": 1.2146883075964579, "max_depth": 4.3059904122022505, "min_child_weight": 9.0330309864098, "subsample": 0.7236053451493905}, "datetime": {"datetime": "2018-12-04 13:59:09", "elapsed": 225.793635, "delta": 6.911791}}
{"target": -0.37252139999999995, "params": {"colsample_bytree": 0.84595212413125, "exp_alpha": 1.2726390994644525, "exp_eta": -1.522994787542204, "exp_gamma": -1.559792301889293, "exp_lambda": -1.0882593498322333, "max_depth": 5.989754520383794, "min_child_weight": 8.362132893302437, "subsample": 0.916438349953806}, "datetime": {"datetime": "2018-12-04 13:59:31", "elapsed": 248.047401, "delta": 22.253766}}
{"target": -0.48407619999999996, "params": {"colsample_bytree": 0.20556170442495258, "exp_alpha": -1.42476888195704, "exp_eta": -1.3738834952768315, "exp_gamma": -1.111568758117079, "exp_lambda": -1.5205385306652688, "max_depth": 5.363306199825396, "min_child_weight": 9.486187335212673, "subsample": 0.5939217592124532}, "datetime": {"datetime": "2018-12-04 13:59:43", "elapsed": 259.143746, "delta": 11.096345}}
{"target": -0.6129638, "params": {"colsample_bytree": 0.6150324973946929, "exp_alpha": -0.07886728773375484, "exp_eta": -1.454555596431059, "exp_gamma": 1.8871283308838427, "exp_lambda": 1.849789179768445, "max_depth": 4.762476070777549, "min_child_weight": 5.475236553031469, "subsample": 0.5805269858900618}, "datetime": {"datetime": "2018-12-04 13:59:57", "elapsed": 273.863036, "delta": 14.71929}}
{"target": -0.37368080000000004, "params": {"colsample_bytree": 0.4278723955019741, "exp_alpha": -4.74179136851827, "exp_eta": -1.0856534990301547, "exp_gamma": 0.010716092915445952, "exp_lambda": -1.7940849950000426, "max_depth": 4.95052524965628, "min_child_weight": 9.174392973699883, "subsample": 0.5437371344001835}, "datetime": {"datetime": "2018-12-04 14:00:11", "elapsed": 287.154042, "delta": 13.291006}}
{"target": -0.37462680000000004, "params": {"colsample_bytree": 0.3159158976729785, "exp_alpha": -1.573830678057059, "exp_eta": -0.521524318834099, "exp_gamma": -1.0317789139539983, "exp_lambda": 0.6885421896235142, "max_depth": 8.331337307301023, "min_child_weight": 3.1387378959315972, "subsample": 0.8369298091671158}, "datetime": {"datetime": "2018-12-04 14:00:27", "elapsed": 303.999038, "delta": 16.844996}}
{"target": -0.359174, "params": {"colsample_bytree": 0.4942265061754026, "exp_alpha": -0.5738591858449436, "exp_eta": -1.049705433858658, "exp_gamma": 0.1430987362990339, "exp_lambda": -1.6388409197823668, "max_depth": 8.847117469124665, "min_child_weight": 3.8870205847456223, "subsample": 0.5119111062399125}, "datetime": {"datetime": "2018-12-04 14:00:52", "elapsed": 328.596998, "delta": 24.59796}}
{"target": -0.3850726, "params": {"colsample_bytree": 0.23262011324381116, "exp_alpha": -0.863749397682307, "exp_eta": -0.9836534572365765, "exp_gamma": -1.9336486842885754, "exp_lambda": 0.048372233197123915, "max_depth": 4.585470426385566, "min_child_weight": 6.806555113685048, "subsample": 0.5046198574029949}, "datetime": {"datetime": "2018-12-04 14:01:03", "elapsed": 340.121362, "delta": 11.524364}}
{"target": -0.3560088, "params": {"colsample_bytree": 0.7527501904819729, "exp_alpha": -2.292852575896238, "exp_eta": -0.5949050168948982, "exp_gamma": -1.449916223416027, "exp_lambda": -0.635734595798966, "max_depth": 3.7943146486841233, "min_child_weight": 9.322242564507064, "subsample": 0.9264036120285886}, "datetime": {"datetime": "2018-12-04 14:01:16", "elapsed": 352.656592, "delta": 12.53523}}
{"target": -0.3731532000000001, "params": {"colsample_bytree": 0.4063533021721245, "exp_alpha": -0.3801116777607465, "exp_eta": -0.7741666996981762, "exp_gamma": 0.22080324639784932, "exp_lambda": 0.11860231342402594, "max_depth": 4.692966036303162, "min_child_weight": 1.837924910253093, "subsample": 0.938329454771996}, "datetime": {"datetime": "2018-12-04 14:01:28", "elapsed": 364.402811, "delta": 11.746219}}
{"target": -0.315006, "params": {"colsample_bytree": 0.9203344457306644, "exp_alpha": -0.5682897990871245, "exp_eta": -1.491455313426949, "exp_gamma": -0.6031617015493564, "exp_lambda": 0.9038227154809575, "max_depth": 9.279771819668039, "min_child_weight": 8.983777818386056, "subsample": 0.8679253275145743}, "datetime": {"datetime": "2018-12-04 14:02:09", "elapsed": 405.756314, "delta": 41.353503}}
{"target": -0.4520792, "params": {"colsample_bytree": 1.0, "exp_alpha": -5.0, "exp_eta": -0.5, "exp_gamma": 1.26072268589331, "exp_lambda": -2.0, "max_depth": 8.867684995393724, "min_child_weight": 10.0, "subsample": 0.4}, "datetime": {"datetime": "2018-12-04 14:03:20", "elapsed": 477.085368, "delta": 71.329054}}
{"target": -0.3400056, "params": {"colsample_bytree": 1.0, "exp_alpha": -0.5121297771678094, "exp_eta": -0.5, "exp_gamma": -2.0, "exp_lambda": -2.0, "max_depth": 6.214594282596848, "min_child_weight": 2.861809850115269, "subsample": 1.0}, "datetime": {"datetime": "2018-12-04 14:04:31", "elapsed": 547.580794, "delta": 70.495426}}
{"target": -0.4761242, "params": {"colsample_bytree": 1.0, "exp_alpha": -5.0, "exp_eta": -0.5, "exp_gamma": 0.5610521616537258, "exp_lambda": -2.0, "max_depth": 3.0, "min_child_weight": 10.0, "subsample": 1.0}, "datetime": {"datetime": "2018-12-04 14:05:38", "elapsed": 615.125723, "delta": 67.544929}}
{"target": -0.3795872, "params": {"colsample_bytree": 1.0, "exp_alpha": -5.0, "exp_eta": -0.5, "exp_gamma": -1.7308952908507946, "exp_lambda": -2.0, "max_depth": 6.627008494324561, "min_child_weight": 7.227599641003232, "subsample": 0.4}, "datetime": {"datetime": "2018-12-04 14:06:37", "elapsed": 673.76862, "delta": 58.642897}}
{"target": -0.5112882, "params": {"colsample_bytree": 1.0, "exp_alpha": 2.0, "exp_eta": -0.5, "exp_gamma": -2.0, "exp_lambda": 2.0, "max_depth": 10.0, "min_child_weight": 6.1546200081555185, "subsample": 1.0}, "datetime": {"datetime": "2018-12-04 14:07:33", "elapsed": 729.404896, "delta": 55.636276}}
{"target": -0.3340476, "params": {"colsample_bytree": 1.0, "exp_alpha": -2.6851152944363146, "exp_eta": -2.0, "exp_gamma": -2.0, "exp_lambda": -2.0, "max_depth": 10.0, "min_child_weight": 1.0, "subsample": 0.4}, "datetime": {"datetime": "2018-12-04 14:09:35", "elapsed": 851.963917, "delta": 122.559021}}
{"target": -0.3327232, "params": {"colsample_bytree": 1.0, "exp_alpha": -0.8081858288795154, "exp_eta": -0.5, "exp_gamma": -0.7785147726671824, "exp_lambda": 0.16478661306895998, "max_depth": 7.37199832138541, "min_child_weight": 7.612432479825236, "subsample": 1.0}, "datetime": {"datetime": "2018-12-04 14:11:02", "elapsed": 938.510208, "delta": 86.546291}}
{"target": -0.3726356, "params": {"colsample_bytree": 1.0, "exp_alpha": 0.33486819016534985, "exp_eta": -0.5, "exp_gamma": -2.0, "exp_lambda": -1.399368887909335, "max_depth": 3.0, "min_child_weight": 7.479984756837538, "subsample": 0.4}, "datetime": {"datetime": "2018-12-04 14:12:22", "elapsed": 1019.057163, "delta": 80.546955}}
{"target": -0.3523784, "params": {"colsample_bytree": 1.0, "exp_alpha": -5.0, "exp_eta": -0.5, "exp_gamma": -2.0, "exp_lambda": -2.0, "max_depth": 3.0, "min_child_weight": 1.0, "subsample": 1.0}, "datetime": {"datetime": "2018-12-04 14:13:37", "elapsed": 1093.18491, "delta": 74.127747}}
{"target": -0.6505188000000001, "params": {"colsample_bytree": 1.0, "exp_alpha": -1.1431887182364555, "exp_eta": -0.5, "exp_gamma": 1.9450525689783897, "exp_lambda": 2.0, "max_depth": 10.0, "min_child_weight": 10.0, "subsample": 0.4}, "datetime": {"datetime": "2018-12-04 14:14:59", "elapsed": 1175.173295, "delta": 81.988385}}
{"target": -0.3347802, "params": {"colsample_bytree": 1.0, "exp_alpha": -0.3553082336506581, "exp_eta": -2.0, "exp_gamma": -2.0, "exp_lambda": -2.0, "max_depth": 10.0, "min_child_weight": 5.068769585990206, "subsample": 1.0}, "datetime": {"datetime": "2018-12-04 14:17:01", "elapsed": 1297.199283, "delta": 122.025988}}
{"target": -0.3327134, "params": {"colsample_bytree": 1.0, "exp_alpha": 0.5751814992064695, "exp_eta": -0.5, "exp_gamma": -2.0, "exp_lambda": 2.0, "max_depth": 4.003089635823617, "min_child_weight": 9.245752025236198, "subsample": 1.0}, "datetime": {"datetime": "2018-12-04 14:18:28", "elapsed": 1384.322411, "delta": 87.123128}}
{"target": -0.383721, "params": {"colsample_bytree": 1.0, "exp_alpha": -5.0, "exp_eta": -0.5, "exp_gamma": 0.06611376184845712, "exp_lambda": -2.0, "max_depth": 7.392030612136387, "min_child_weight": 1.0, "subsample": 0.4}, "datetime": {"datetime": "2018-12-04 14:19:51", "elapsed": 1467.327007, "delta": 83.004596}}
{"target": -0.3460306, "params": {"colsample_bytree": 1.0, "exp_alpha": 0.10177776622943702, "exp_eta": -0.5, "exp_gamma": -2.0, "exp_lambda": 2.0, "max_depth": 3.0, "min_child_weight": 1.0, "subsample": 1.0}, "datetime": {"datetime": "2018-12-04 14:21:13", "elapsed": 1549.965544, "delta": 82.638537}}
{"target": -0.5010646000000001, "params": {"colsample_bytree": 1.0, "exp_alpha": -1.0145748327245525, "exp_eta": -2.0, "exp_gamma": -1.8984381026648585, "exp_lambda": 2.0, "max_depth": 10.0, "min_child_weight": 7.670751670220376, "subsample": 0.4}, "datetime": {"datetime": "2018-12-04 14:23:10", "elapsed": 1666.587641, "delta": 116.622097}}
{"target": -0.8221496, "params": {"colsample_bytree": 0.2, "exp_alpha": 2.0, "exp_eta": -2.0, "exp_gamma": -1.9446818733702043, "exp_lambda": -2.0, "max_depth": 10.0, "min_child_weight": 1.0, "subsample": 1.0}, "datetime": {"datetime": "2018-12-04 14:24:35", "elapsed": 1751.721921, "delta": 85.13428}}
{"target": -0.3651318, "params": {"colsample_bytree": 1.0, "exp_alpha": -3.0497483830984877, "exp_eta": -0.5, "exp_gamma": -0.9927026997372442, "exp_lambda": -2.0, "max_depth": 10.0, "min_child_weight": 3.298281554700925, "subsample": 1.0}, "datetime": {"datetime": "2018-12-04 14:26:06", "elapsed": 1842.143388, "delta": 90.421467}}
{"target": -0.3980524, "params": {"colsample_bytree": 1.0, "exp_alpha": -1.680398971664816, "exp_eta": -0.5, "exp_gamma": -0.9930835106916239, "exp_lambda": -2.0, "max_depth": 3.0, "min_child_weight": 1.0, "subsample": 0.4}, "datetime": {"datetime": "2018-12-04 14:27:36", "elapsed": 1932.870739, "delta": 90.727351}}
{"target": -0.335387, "params": {"colsample_bytree": 1.0, "exp_alpha": -5.0, "exp_eta": -0.5, "exp_gamma": -1.452168842712668, "exp_lambda": 2.0, "max_depth": 10.0, "min_child_weight": 1.0, "subsample": 1.0}, "datetime": {"datetime": "2018-12-04 14:29:14", "elapsed": 2031.115758, "delta": 98.245019}}
{"target": -0.53949, "params": {"colsample_bytree": 1.0, "exp_alpha": 2.0, "exp_eta": -2.0, "exp_gamma": -1.4407055186215771, "exp_lambda": 0.0407199224014448, "max_depth": 10.0, "min_child_weight": 10.0, "subsample": 1.0}, "datetime": {"datetime": "2018-12-04 14:30:52", "elapsed": 2128.257893, "delta": 97.142135}}
{"target": -0.33973680000000006, "params": {"colsample_bytree": 1.0, "exp_alpha": -5.0, "exp_eta": -0.5, "exp_gamma": -0.97176884835108, "exp_lambda": -2.0, "max_depth": 5.747691875665493, "min_child_weight": 10.0, "subsample": 1.0}, "datetime": {"datetime": "2018-12-04 14:32:31", "elapsed": 2227.787129, "delta": 99.529236}}
{"target": -0.3350966, "params": {"colsample_bytree": 1.0, "exp_alpha": -5.0, "exp_eta": -0.5, "exp_gamma": -2.0, "exp_lambda": 2.0, "max_depth": 4.514141384161563, "min_child_weight": 1.0, "subsample": 1.0}, "datetime": {"datetime": "2018-12-04 14:34:21", "elapsed": 2337.677973, "delta": 109.890844}}
{"target": -0.41083879999999995, "params": {"colsample_bytree": 1.0, "exp_alpha": -5.0, "exp_eta": -0.5, "exp_gamma": 0.7018204910412723, "exp_lambda": -2.0, "max_depth": 5.775247149234911, "min_child_weight": 8.105970966914558, "subsample": 1.0}, "datetime": {"datetime": "2018-12-04 14:35:49", "elapsed": 2425.731894, "delta": 88.053921}}
{"target": -0.34647599999999995, "params": {"colsample_bytree": 1.0, "exp_alpha": 0.33240318276184716, "exp_eta": -2.0, "exp_gamma": -0.3644162063631386, "exp_lambda": 0.4619389130321303, "max_depth": 8.555658531212572, "min_child_weight": 7.39176551121492, "subsample": 1.0}, "datetime": {"datetime": "2018-12-04 14:37:55", "elapsed": 2552.112844, "delta": 126.38095}}
{"target": -0.38404479999999996, "params": {"colsample_bytree": 1.0, "exp_alpha": -3.0932853006171888, "exp_eta": -0.5, "exp_gamma": -2.0, "exp_lambda": -0.00224339719560579, "max_depth": 6.677512495430627, "min_child_weight": 1.0, "subsample": 0.4}, "datetime": {"datetime": "2018-12-04 14:39:22", "elapsed": 2638.142646, "delta": 86.029802}}
{"target": -0.5939620000000001, "params": {"colsample_bytree": 1.0, "exp_alpha": -5.0, "exp_eta": -0.5, "exp_gamma": 1.8882857935881463, "exp_lambda": 2.0, "max_depth": 3.0, "min_child_weight": 1.0, "subsample": 1.0}, "datetime": {"datetime": "2018-12-04 14:40:39", "elapsed": 2716.059701, "delta": 77.917055}}
{"target": -0.7660024, "params": {"colsample_bytree": 0.2, "exp_alpha": -5.0, "exp_eta": -2.0, "exp_gamma": -2.0, "exp_lambda": -2.0, "max_depth": 10.0, "min_child_weight": 1.0, "subsample": 0.4}, "datetime": {"datetime": "2018-12-04 14:42:21", "elapsed": 2817.677184, "delta": 101.617483}}
{"target": -0.3693784, "params": {"colsample_bytree": 1.0, "exp_alpha": -2.3452703858639308, "exp_eta": -0.5, "exp_gamma": 0.3880776531387653, "exp_lambda": 2.0, "max_depth": 10.0, "min_child_weight": 1.0, "subsample": 1.0}, "datetime": {"datetime": "2018-12-04 14:44:31", "elapsed": 2947.564248, "delta": 129.887064}}
{"target": -0.3274832, "params": {"colsample_bytree": 1.0, "exp_alpha": -1.360804547249802, "exp_eta": -1.3960115264524304, "exp_gamma": -1.081098228655305, "exp_lambda": -2.0, "max_depth": 8.79993487603291, "min_child_weight": 2.9764626254319513, "subsample": 0.4}, "datetime": {"datetime": "2018-12-04 14:46:32", "elapsed": 3068.921104, "delta": 121.356856}}
{"target": -0.3936102, "params": {"colsample_bytree": 1.0, "exp_alpha": -5.0, "exp_eta": -0.5, "exp_gamma": -2.0, "exp_lambda": -2.0, "max_depth": 3.267800359356441, "min_child_weight": 9.023052726947519, "subsample": 0.4}, "datetime": {"datetime": "2018-12-04 14:48:17", "elapsed": 3173.662505, "delta": 104.741401}}
{"target": -0.33554779999999995, "params": {"colsample_bytree": 1.0, "exp_alpha": -1.250624714255871, "exp_eta": -0.5, "exp_gamma": -1.79225806159504, "exp_lambda": -2.0, "max_depth": 5.68914736461766, "min_child_weight": 5.376620450119258, "subsample": 1.0}, "datetime": {"datetime": "2018-12-04 14:50:00", "elapsed": 3277.003992, "delta": 103.341487}}
{"target": -0.34362, "params": {"colsample_bytree": 1.0, "exp_alpha": -2.4613362520715336, "exp_eta": -0.5, "exp_gamma": -0.08514647720304976, "exp_lambda": -2.0, "max_depth": 6.420121947314053, "min_child_weight": 1.0, "subsample": 1.0}, "datetime": {"datetime": "2018-12-04 14:51:50", "elapsed": 3386.678372, "delta": 109.67438}}
{"target": -0.3456814, "params": {"colsample_bytree": 1.0, "exp_alpha": 0.9127951964741603, "exp_eta": -0.8107238534315344, "exp_gamma": -2.0, "exp_lambda": 0.4077494950338266, "max_depth": 4.839012060516752, "min_child_weight": 6.061793030650787, "subsample": 1.0}, "datetime": {"datetime": "2018-12-04 14:53:35", "elapsed": 3491.447659, "delta": 104.769287}}
{"target": -0.33593280000000003, "params": {"colsample_bytree": 1.0, "exp_alpha": -2.4865888094924546, "exp_eta": -0.5, "exp_gamma": -2.0, "exp_lambda": 2.0, "max_depth": 10.0, "min_child_weight": 1.0, "subsample": 1.0}, "datetime": {"datetime": "2018-12-04 14:55:26", "elapsed": 3602.915727, "delta": 111.468068}}
{"target": -0.3536272, "params": {"colsample_bytree": 1.0, "exp_alpha": -1.0811669156007266, "exp_eta": -0.5, "exp_gamma": -0.6244989683232537, "exp_lambda": -0.597963859934842, "max_depth": 10.0, "min_child_weight": 5.345253114275548, "subsample": 1.0}, "datetime": {"datetime": "2018-12-04 14:57:12", "elapsed": 3709.032076, "delta": 106.116349}}
{"target": -0.3305338, "params": {"colsample_bytree": 1.0, "exp_alpha": -1.2186092372155115, "exp_eta": -0.5, "exp_gamma": -1.7328791562341492, "exp_lambda": 2.0, "max_depth": 6.9411503034043776, "min_child_weight": 10.0, "subsample": 1.0}, "datetime": {"datetime": "2018-12-04 14:58:53", "elapsed": 3809.718573, "delta": 100.686497}}
