{"target": -0.39005599999999996, "params": {"colsample_bytree": 0.2, "exp_alpha": -5.0, "exp_eta": -0.5, "exp_gamma": -0.09980229756926229, "exp_lambda": -2.0, "max_depth": 5.528386509433555, "min_child_weight": 10.0, "subsample": 0.4}, "datetime": {"datetime": "2018-12-04 15:00:37", "elapsed": 3913.732669, "delta": 104.014096}}
{"target": -0.3376534, "params": {"colsample_bytree": 1.0, "exp_alpha": -3.5239455320854107, "exp_eta": -2.0, "exp_gamma": -2.0, "exp_lambda": -2.0, "max_depth": 10.0, "min_child_weight": 10.0, "subsample": 1.0}, "datetime": {"datetime": "2018-12-04 15:03:04", "elapsed": 4060.51732, "delta": 146.784651}}
{"target": -0.3762082, "params": {"colsample_bytree": 1.0, "exp_alpha": -2.09991326340325, "exp_eta": -0.5, "exp_gamma": -1.4118857571807564, "exp_lambda": -2.0, "max_depth": 10.0, "min_child_weight": 1.0, "subsample": 1.0}, "datetime": {"datetime": "2018-12-04 15:04:53", "elapsed": 4169.602259, "delta": 109.084939}}
{"target": -0.3377612, "params": {"colsample_bytree": 1.0, "exp_alpha": -0.47971760514273665, "exp_eta": -0.5, "exp_gamma": -2.0, "exp_lambda": 0.2809700143376161, "max_depth": 4.217794736402661, "min_child_weight": 8.487520987648693, "subsample": 1.0}, "datetime": {"datetime": "2018-12-04 15:06:43", "elapsed": 4280.014295, "delta": 110.412036}}
{"target": -0.36722659999999996, "params": {"colsample_bytree": 1.0, "exp_alpha": -0.009858114760972697, "exp_eta": -2.0, "exp_gamma": -1.9997695646225366, "exp_lambda": -2.0, "max_depth": 6.693885108222023, "min_child_weight": 5.438668115890045, "subsample": 0.4}, "datetime": {"datetime": "2018-12-04 15:08:43", "elapsed": 4400.114038, "delta": 120.099743}}
{"target": -0.560499, "params": {"colsample_bytree": 1.0, "exp_alpha": 2.0, "exp_eta": -2.0, "exp_gamma": -2.0, "exp_lambda": 2.0, "max_depth": 3.0, "min_child_weight": 10.0, "subsample": 1.0}, "datetime": {"datetime": "2018-12-04 15:10:29", "elapsed": 4505.216341, "delta": 105.102303}}
{"target": -0.3299322, "params": {"colsample_bytree": 1.0, "exp_alpha": 0.4456303247528408, "exp_eta": -0.5, "exp_gamma": -1.045186319614817, "exp_lambda": 2.0, "max_depth": 6.6788316603161055, "min_child_weight": 8.645309853577242, "subsample": 1.0}, "datetime": {"datetime": "2018-12-04 15:12:28", "elapsed": 4624.411114, "delta": 119.194773}}
{"target": -0.335082, "params": {"colsample_bytree": 1.0, "exp_alpha": -4.277784760990574, "exp_eta": -0.5, "exp_gamma": -0.6123587701710996, "exp_lambda": 2.0, "max_depth": 7.674100158925844, "min_child_weight": 1.0, "subsample": 1.0}, "datetime": {"datetime": "2018-12-04 15:14:35", "elapsed": 4751.567807, "delta": 127.156693}}
{"target": -0.3258688, "params": {"colsample_bytree": 1.0, "exp_alpha": -1.6931889757563046, "exp_eta": -1.7755544642478045, "exp_gamma": -0.6899901255833775, "exp_lambda": -0.29544804444227113, "max_depth": 9.309030816436456, "min_child_weight": 9.069159113586378, "subsample": 1.0}, "datetime": {"datetime": "2018-12-04 15:16:59", "elapsed": 4895.263327, "delta": 143.69552}}
{"target": -0.3339528, "params": {"colsample_bytree": 1.0, "exp_alpha": -5.0, "exp_eta": -0.5, "exp_gamma": -2.0, "exp_lambda": 1.9999999999999998, "max_depth": 10.0, "min_child_weight": 10.0, "subsample": 1.0}, "datetime": {"datetime": "2018-12-04 15:18:53", "elapsed": 5009.954597, "delta": 114.69127}}
{"target": -0.3570298, "params": {"colsample_bytree": 1.0, "exp_alpha": -5.0, "exp_eta": -0.5, "exp_gamma": -2.0, "exp_lambda": -2.0, "max_depth": 10.0, "min_child_weight": 10.0, "subsample": 1.0}, "datetime": {"datetime": "2018-12-04 15:20:41", "elapsed": 5117.686001, "delta": 107.731404}}
{"target": -0.3859108, "params": {"colsample_bytree": 1.0, "exp_alpha": -3.6482173914693257, "exp_eta": -0.5, "exp_gamma": -0.6190454521412493, "exp_lambda": -2.0, "max_depth": 4.4283991752656116, "min_child_weight": 8.998873391242805, "subsample": 0.4}, "datetime": {"datetime": "2018-12-04 15:22:33", "elapsed": 5229.446541, "delta": 111.76054}}
{"target": -0.33912600000000004, "params": {"colsample_bytree": 1.0, "exp_alpha": -5.0, "exp_eta": -2.0, "exp_gamma": -0.602405230089432, "exp_lambda": -2.0, "max_depth": 10.0, "min_child_weight": 10.0, "subsample": 1.0}, "datetime": {"datetime": "2018-12-04 15:25:02", "elapsed": 5379.034845, "delta": 149.588304}}
{"target": -0.3470512, "params": {"colsample_bytree": 1.0, "exp_alpha": -1.7893231290725224, "exp_eta": -0.5, "exp_gamma": -2.0, "exp_lambda": 2.0, "max_depth": 3.0, "min_child_weight": 10.0, "subsample": 1.0}, "datetime": {"datetime": "2018-12-04 15:27:03", "elapsed": 5499.193898, "delta": 120.159053}}
{"target": -0.3333368, "params": {"colsample_bytree": 1.0, "exp_alpha": -0.9181065137402838, "exp_eta": -0.5, "exp_gamma": -2.0, "exp_lambda": 2.0, "max_depth": 5.654058794451548, "min_child_weight": 1.0, "subsample": 1.0}, "datetime": {"datetime": "2018-12-04 15:29:16", "elapsed": 5632.462069, "delta": 133.268171}}
{"target": -0.5022274, "params": {"colsample_bytree": 0.2, "exp_alpha": -0.4492245422611685, "exp_eta": -1.146517299995202, "exp_gamma": -2.0, "exp_lambda": -2.0, "max_depth": 3.0, "min_child_weight": 5.594084040255817, "subsample": 1.0}, "datetime": {"datetime": "2018-12-04 15:31:23", "elapsed": 5759.664112, "delta": 127.202043}}
{"target": -0.34049779999999996, "params": {"colsample_bytree": 1.0, "exp_alpha": -0.7616121643952984, "exp_eta": -0.5, "exp_gamma": -0.9822096117713504, "exp_lambda": -0.5270539693681674, "max_depth": 6.404522557337959, "min_child_weight": 3.6433644963844958, "subsample": 1.0}, "datetime": {"datetime": "2018-12-04 15:33:38", "elapsed": 5894.62795, "delta": 134.963838}}
{"target": -0.3753044, "params": {"colsample_bytree": 1.0, "exp_alpha": -5.0, "exp_eta": -0.5, "exp_gamma": 0.29728637657854, "exp_lambda": -2.0, "max_depth": 4.217388672986133, "min_child_weight": 1.0, "subsample": 0.4}, "datetime": {"datetime": "2018-12-04 15:35:59", "elapsed": 6035.177967, "delta": 140.550017}}
{"target": -0.3256726, "params": {"colsample_bytree": 1.0, "exp_alpha": -1.5587641704424373, "exp_eta": -1.3719748219307937, "exp_gamma": -1.7724604755337476, "exp_lambda": -2.0, "max_depth": 8.729329177540464, "min_child_weight": 5.243902761259742, "subsample": 1.0}, "datetime": {"datetime": "2018-12-04 15:38:33", "elapsed": 6190.069794, "delta": 154.891827}}
{"target": -0.3898988, "params": {"colsample_bytree": 1.0, "exp_alpha": -2.2998740851677346, "exp_eta": -2.0, "exp_gamma": -2.0, "exp_lambda": -2.0, "max_depth": 5.833050958432327, "min_child_weight": 1.0, "subsample": 1.0}, "datetime": {"datetime": "2018-12-04 15:41:07", "elapsed": 6343.949747, "delta": 153.879953}}
{"target": -0.3317656, "params": {"colsample_bytree": 1.0, "exp_alpha": -5.0, "exp_eta": -0.5, "exp_gamma": -0.6691069907003919, "exp_lambda": 2.0, "max_depth": 10.0, "min_child_weight": 3.72171545444418, "subsample": 1.0}, "datetime": {"datetime": "2018-12-04 15:45:39", "elapsed": 6615.904167, "delta": 271.95442}}
{"target": -0.3448404, "params": {"colsample_bytree": 1.0, "exp_alpha": -5.0, "exp_eta": -0.5, "exp_gamma": -1.8492923779378911, "exp_lambda": -2.0, "max_depth": 4.927738208947142, "min_child_weight": 3.202298917267276, "subsample": 1.0}, "datetime": {"datetime": "2018-12-04 15:47:44", "elapsed": 6740.719704, "delta": 124.815537}}
{"target": -0.3496996, "params": {"colsample_bytree": 1.0, "exp_alpha": -1.9252065539443106, "exp_eta": -2.0, "exp_gamma": -2.0, "exp_lambda": -2.0, "max_depth": 10.0, "min_child_weight": 2.7353488868956926, "subsample": 1.0}, "datetime": {"datetime": "2018-12-04 15:50:24", "elapsed": 6900.418053, "delta": 159.698349}}
{"target": -0.3845342, "params": {"colsample_bytree": 1.0, "exp_alpha": -2.368396216710936, "exp_eta": -0.5, "exp_gamma": -1.2030590173118425, "exp_lambda": -2.0, "max_depth": 6.379901551800616, "min_child_weight": 3.126778329907443, "subsample": 0.4}, "datetime": {"datetime": "2018-12-04 15:52:07", "elapsed": 7003.942575, "delta": 103.524522}}
{"target": -0.344905, "params": {"colsample_bytree": 1.0, "exp_alpha": -2.236396729940122, "exp_eta": -2.0, "exp_gamma": -0.09579144504717874, "exp_lambda": -2.0, "max_depth": 10.0, "min_child_weight": 1.0, "subsample": 0.4}, "datetime": {"datetime": "2018-12-04 15:54:37", "elapsed": 7153.514936, "delta": 149.572361}}
{"target": -0.5492594000000001, "params": {"colsample_bytree": 1.0, "exp_alpha": -5.0, "exp_eta": -0.5, "exp_gamma": 1.553137729720263, "exp_lambda": 2.0, "max_depth": 10.0, "min_child_weight": 1.0, "subsample": 0.4}, "datetime": {"datetime": "2018-12-04 15:56:50", "elapsed": 7286.821242, "delta": 133.306306}}
{"target": -0.3425422, "params": {"colsample_bytree": 1.0, "exp_alpha": -5.0, "exp_eta": -0.5, "exp_gamma": -0.15287225258497655, "exp_lambda": 2.0, "max_depth": 8.306774063065236, "min_child_weight": 10.0, "subsample": 1.0}, "datetime": {"datetime": "2018-12-04 15:58:45", "elapsed": 7401.665795, "delta": 114.844553}}
{"target": -0.3327732, "params": {"colsample_bytree": 1.0, "exp_alpha": -5.0, "exp_eta": -0.5, "exp_gamma": -2.0, "exp_lambda": 2.0, "max_depth": 7.953208580249874, "min_child_weight": 3.062132966709496, "subsample": 1.0}, "datetime": {"datetime": "2018-12-04 16:00:48", "elapsed": 7524.473257, "delta": 122.807462}}
{"target": -0.3332698, "params": {"colsample_bytree": 1.0, "exp_alpha": -1.6827229655323137, "exp_eta": -0.5, "exp_gamma": -0.668744278923041, "exp_lambda": 2.0, "max_depth": 8.621619752616635, "min_child_weight": 8.891371355028632, "subsample": 1.0}, "datetime": {"datetime": "2018-12-04 16:02:55", "elapsed": 7651.240185, "delta": 126.766928}}
{"target": -0.3408964, "params": {"colsample_bytree": 1.0, "exp_alpha": -0.6419418124180319, "exp_eta": -0.5, "exp_gamma": -0.9164449165399806, "exp_lambda": 0.29869929935137296, "max_depth": 4.216367751481078, "min_child_weight": 1.0, "subsample": 1.0}, "datetime": {"datetime": "2018-12-04 16:04:45", "elapsed": 7761.289747, "delta": 110.049562}}
{"target": -0.3884876, "params": {"colsample_bytree": 1.0, "exp_alpha": -5.0, "exp_eta": -2.0, "exp_gamma": 0.3811657037073256, "exp_lambda": -2.0, "max_depth": 6.059075233339428, "min_child_weight": 10.0, "subsample": 0.4}, "datetime": {"datetime": "2018-12-04 16:06:51", "elapsed": 7887.767675, "delta": 126.477928}}
{"target": -0.3172638, "params": {"colsample_bytree": 1.0, "exp_alpha": -0.5590600547133708, "exp_eta": -1.301421554359985, "exp_gamma": -0.7229363164671042, "exp_lambda": 0.8025249733425949, "max_depth": 8.392715447022567, "min_child_weight": 8.951780447904596, "subsample": 1.0}, "datetime": {"datetime": "2018-12-04 16:09:04", "elapsed": 8020.85831, "delta": 133.090635}}
{"target": -0.3255686, "params": {"colsample_bytree": 1.0, "exp_alpha": 0.1016399977924414, "exp_eta": -0.7633095311583632, "exp_gamma": -1.468838983968724, "exp_lambda": -0.803028059722523, "max_depth": 5.772794961063116, "min_child_weight": 6.86429057674893, "subsample": 1.0}, "datetime": {"datetime": "2018-12-04 16:10:59", "elapsed": 8135.871836, "delta": 115.013526}}
{"target": -0.3333238, "params": {"colsample_bytree": 1.0, "exp_alpha": -5.0, "exp_eta": -0.5, "exp_gamma": -0.5643511865460005, "exp_lambda": 0.6201049043650668, "max_depth": 10.0, "min_child_weight": 8.77095546538722, "subsample": 1.0}, "datetime": {"datetime": "2018-12-04 16:12:57", "elapsed": 8253.80573, "delta": 117.933894}}
{"target": -0.3416072, "params": {"colsample_bytree": 1.0, "exp_alpha": -0.8177927682018673, "exp_eta": -2.0, "exp_gamma": -1.4093655255918693, "exp_lambda": -2.0, "max_depth": 10.0, "min_child_weight": 7.506158948894157, "subsample": 1.0}, "datetime": {"datetime": "2018-12-04 16:15:24", "elapsed": 8401.00115, "delta": 147.19542}}
{"target": -0.3323194, "params": {"colsample_bytree": 1.0, "exp_alpha": -3.6637801271575463, "exp_eta": -0.5, "exp_gamma": -1.294525114788612, "exp_lambda": 2.0, "max_depth": 9.304025049283174, "min_child_weight": 1.8817893441240545, "subsample": 1.0}, "datetime": {"datetime": "2018-12-04 16:17:45", "elapsed": 8542.043054, "delta": 141.041904}}
{"target": -0.584945, "params": {"colsample_bytree": 0.2, "exp_alpha": 2.0, "exp_eta": -0.5, "exp_gamma": -2.0, "exp_lambda": 2.0, "max_depth": 4.42372101542084, "min_child_weight": 1.0, "subsample": 0.4}, "datetime": {"datetime": "2018-12-04 16:19:51", "elapsed": 8667.193803, "delta": 125.150749}}
{"target": -0.3463686, "params": {"colsample_bytree": 1.0, "exp_alpha": -2.3243134651122457, "exp_eta": -0.5, "exp_gamma": -2.0, "exp_lambda": 2.0, "max_depth": 3.0, "min_child_weight": 1.0, "subsample": 1.0}, "datetime": {"datetime": "2018-12-04 16:21:51", "elapsed": 8787.848722, "delta": 120.654919}}
{"target": -0.5858863999999999, "params": {"colsample_bytree": 1.0, "exp_alpha": -0.841639447320537, "exp_eta": -0.5, "exp_gamma": 2.0, "exp_lambda": -2.0, "max_depth": 3.0, "min_child_weight": 1.0, "subsample": 1.0}, "datetime": {"datetime": "2018-12-04 16:23:49", "elapsed": 8905.565702, "delta": 117.71698}}
{"target": -0.414845, "params": {"colsample_bytree": 0.2, "exp_alpha": -0.6261316582958968, "exp_eta": -0.9695891550666352, "exp_gamma": -0.820645753449782, "exp_lambda": 0.5228775446679561, "max_depth": 9.585033288484576, "min_child_weight": 8.430424636263888, "subsample": 1.0}, "datetime": {"datetime": "2018-12-04 16:26:01", "elapsed": 9037.184819, "delta": 131.619117}}
{"target": -0.33541879999999996, "params": {"colsample_bytree": 1.0, "exp_alpha": -0.9593701660084251, "exp_eta": -2.0, "exp_gamma": -0.6725744794680526, "exp_lambda": -2.0, "max_depth": 10.0, "min_child_weight": 5.035345093462653, "subsample": 0.4}, "datetime": {"datetime": "2018-12-04 16:28:55", "elapsed": 9211.22773, "delta": 174.042911}}
{"target": -0.3558888, "params": {"colsample_bytree": 1.0, "exp_alpha": 0.07616628258967348, "exp_eta": -0.5, "exp_gamma": -1.5582022031993847, "exp_lambda": 2.0, "max_depth": 4.988344065847116, "min_child_weight": 7.697464948101088, "subsample": 0.4}, "datetime": {"datetime": "2018-12-04 16:31:24", "elapsed": 9360.535181, "delta": 149.307451}}
{"target": -0.3382716, "params": {"colsample_bytree": 1.0, "exp_alpha": -2.05846140207088, "exp_eta": -2.0, "exp_gamma": -1.3053368019754787, "exp_lambda": -0.4521638625227768, "max_depth": 9.067030380552234, "min_child_weight": 1.0, "subsample": 1.0}, "datetime": {"datetime": "2018-12-04 16:34:15", "elapsed": 9531.861882, "delta": 171.326701}}
{"target": -0.335676, "params": {"colsample_bytree": 1.0, "exp_alpha": -1.6410023307992454, "exp_eta": -2.0, "exp_gamma": -0.5097959237061288, "exp_lambda": 0.9948989773345072, "max_depth": 10.0, "min_child_weight": 10.0, "subsample": 1.0}, "datetime": {"datetime": "2018-12-04 16:37:06", "elapsed": 9702.811148, "delta": 170.949266}}
{"target": -0.3320944, "params": {"colsample_bytree": 1.0, "exp_alpha": -5.0, "exp_eta": -0.5, "exp_gamma": -0.8939821250958435, "exp_lambda": 2.0, "max_depth": 9.009575167730096, "min_child_weight": 6.738390803803721, "subsample": 1.0}, "datetime": {"datetime": "2018-12-04 16:39:26", "elapsed": 9842.267675, "delta": 139.456527}}
{"target": -0.3882832, "params": {"colsample_bytree": 1.0, "exp_alpha": -1.0261250203483185, "exp_eta": -0.5, "exp_gamma": -2.0, "exp_lambda": -0.33368037977257714, "max_depth": 3.0, "min_child_weight": 10.0, "subsample": 0.4}, "datetime": {"datetime": "2018-12-04 16:41:29", "elapsed": 9965.457397, "delta": 123.189722}}
{"target": -0.32965180000000005, "params": {"colsample_bytree": 1.0, "exp_alpha": -5.0, "exp_eta": -0.5, "exp_gamma": -2.0, "exp_lambda": 2.0, "max_depth": 5.298119632428519, "min_child_weight": 10.0, "subsample": 1.0}, "datetime": {"datetime": "2018-12-04 16:43:50", "elapsed": 10106.241181, "delta": 140.783784}}
{"target": -0.338307, "params": {"colsample_bytree": 1.0, "exp_alpha": -5.0, "exp_eta": -0.5, "exp_gamma": -2.0, "exp_lambda": 0.5714760156177385, "max_depth": 7.9962148480940645, "min_child_weight": 10.0, "subsample": 1.0}, "datetime": {"datetime": "2018-12-04 16:45:54", "elapsed": 10230.713001, "delta": 124.47182}}
{"target": -0.35081359999999995, "params": {"colsample_bytree": 1.0, "exp_alpha": -5.0, "exp_eta": -0.5, "exp_gamma": -2.0, "exp_lambda": 2.0, "max_depth": 3.0, "min_child_weight": 4.2947445003340485, "subsample": 1.0}, "datetime": {"datetime": "2018-12-04 16:48:36", "elapsed": 10392.903496, "delta": 162.190495}}
{"target": -0.3316306, "params": {"colsample_bytree": 1.0, "exp_alpha": -0.8622965980522789, "exp_eta": -1.7264549606605228, "exp_gamma": -0.08777669388431969, "exp_lambda": 1.090974451880423, "max_depth": 9.360670965509089, "min_child_weight": 8.985272304860692, "subsample": 1.0}, "datetime": {"datetime": "2018-12-04 16:52:41", "elapsed": 10637.147484, "delta": 244.243988}}
{"target": -0.32706219999999997, "params": {"colsample_bytree": 1.0, "exp_alpha": -0.9253972146294821, "exp_eta": -1.6157947646115638, "exp_gamma": -0.7351011079462635, "exp_lambda": 0.17366554125439332, "max_depth": 9.682560469976199, "min_child_weight": 9.338845725198892, "subsample": 0.4}, "datetime": {"datetime": "2018-12-04 16:55:59", "elapsed": 10835.502864, "delta": 198.35538}}
{"target": -0.3322378, "params": {"colsample_bytree": 1.0, "exp_alpha": -5.0, "exp_eta": -0.5, "exp_gamma": -2.0, "exp_lambda": 2.0, "max_depth": 10.0, "min_child_weight": 15.0, "subsample": 1.0}, "datetime": {"datetime": "2018-12-04 19:52:52", "elapsed": 0.0, "delta": 0.0}}
{"target": -0.3489008, "params": {"colsample_bytree": 1.0, "exp_alpha": -5.0, "exp_eta": -0.5, "exp_gamma": -2.0, "exp_lambda": 2.0, "max_depth": 3.9680775616292823, "min_child_weight": 15.0, "subsample": 1.0}, "datetime": {"datetime": "2018-12-04 19:54:01", "elapsed": 68.873996, "delta": 68.873996}}
{"target": -0.33822159999999996, "params": {"colsample_bytree": 1.0, "exp_alpha": -5.0, "exp_eta": -2.0, "exp_gamma": -2.0, "exp_lambda": -2.0, "max_depth": 10.0, "min_child_weight": 15.0, "subsample": 1.0}, "datetime": {"datetime": "2018-12-04 19:55:26", "elapsed": 154.524526, "delta": 85.65053}}
{"target": -0.3320138, "params": {"colsample_bytree": 1.0, "exp_alpha": -5.0, "exp_eta": -0.5, "exp_gamma": -2.0, "exp_lambda": 2.0, "max_depth": 6.806178765806814, "min_child_weight": 13.25397905193531, "subsample": 1.0}, "datetime": {"datetime": "2018-12-04 19:56:36", "elapsed": 224.084174, "delta": 69.559648}}
{"target": -0.331407, "params": {"colsample_bytree": 1.0, "exp_alpha": -5.0, "exp_eta": -2.0, "exp_gamma": -2.0, "exp_lambda": -0.1547630154496875, "max_depth": 10.0, "min_child_weight": 13.081785508218713, "subsample": 1.0}, "datetime": {"datetime": "2018-12-04 19:58:06", "elapsed": 314.091248, "delta": 90.007074}}
{"target": -0.3280974, "params": {"colsample_bytree": 1.0, "exp_alpha": -0.5400670339087034, "exp_eta": -0.5, "exp_gamma": -2.0, "exp_lambda": 2.0, "max_depth": 5.214518111621768, "min_child_weight": 15.0, "subsample": 1.0}, "datetime": {"datetime": "2018-12-04 19:59:19", "elapsed": 386.88881, "delta": 72.797562}}
{"target": -0.3316852, "params": {"colsample_bytree": 1.0, "exp_alpha": -1.3706985367580882, "exp_eta": -0.5, "exp_gamma": -2.0, "exp_lambda": 2.0, "max_depth": 10.0, "min_child_weight": 15.0, "subsample": 1.0}, "datetime": {"datetime": "2018-12-04 20:00:28", "elapsed": 456.123663, "delta": 69.234853}}
{"target": -0.32896040000000004, "params": {"colsample_bytree": 1.0, "exp_alpha": -2.4097974968864597, "exp_eta": -0.5, "exp_gamma": -2.0, "exp_lambda": 2.0, "max_depth": 7.3525650069274695, "min_child_weight": 15.0, "subsample": 1.0}, "datetime": {"datetime": "2018-12-04 20:01:35", "elapsed": 522.579928, "delta": 66.456265}}
{"target": -0.3310364, "params": {"colsample_bytree": 1.0, "exp_alpha": -2.210999562858282, "exp_eta": -0.5, "exp_gamma": -2.0, "exp_lambda": 1.9999999991306332, "max_depth": 9.997882645488506, "min_child_weight": 12.302129369646224, "subsample": 1.0}, "datetime": {"datetime": "2018-12-04 20:02:40", "elapsed": 587.626164, "delta": 65.046236}}
{"target": -0.438667, "params": {"colsample_bytree": 1.0, "exp_alpha": -2.610322486722339, "exp_eta": -2.0, "exp_gamma": -2.0, "exp_lambda": 2.0, "max_depth": 10.0, "min_child_weight": 15.0, "subsample": 1.0}, "datetime": {"datetime": "2018-12-04 20:03:55", "elapsed": 663.397083, "delta": 75.770919}}
{"target": -0.34711539999999996, "params": {"colsample_bytree": 1.0, "exp_alpha": -5.0, "exp_eta": -0.5, "exp_gamma": -2.0, "exp_lambda": -0.46583047044015674, "max_depth": 10.0, "min_child_weight": 13.435156030304158, "subsample": 1.0}, "datetime": {"datetime": "2018-12-04 20:04:58", "elapsed": 726.103439, "delta": 62.706356}}
{"target": -0.5173599999999999, "params": {"colsample_bytree": 1.0, "exp_alpha": 2.0, "exp_eta": -0.5, "exp_gamma": -2.0, "exp_lambda": 2.0, "max_depth": 7.44003115860072, "min_child_weight": 15.0, "subsample": 1.0}, "datetime": {"datetime": "2018-12-04 20:05:53", "elapsed": 780.590688, "delta": 54.487249}}
{"target": -0.33483159999999995, "params": {"colsample_bytree": 1.0, "exp_alpha": -2.3332181188850485, "exp_eta": -0.5, "exp_gamma": -2.0, "exp_lambda": 2.0, "max_depth": 4.249392450329215, "min_child_weight": 13.042741927894829, "subsample": 1.0}, "datetime": {"datetime": "2018-12-04 20:06:57", "elapsed": 844.895442, "delta": 64.304754}}
{"target": -0.5790371999999999, "params": {"colsample_bytree": 1.0, "exp_alpha": -5.0, "exp_eta": -2.0, "exp_gamma": 2.0, "exp_lambda": -2.0, "max_depth": 10.0, "min_child_weight": 15.0, "subsample": 1.0}, "datetime": {"datetime": "2018-12-04 20:08:13", "elapsed": 921.347631, "delta": 76.452189}}
{"target": -0.33745680000000006, "params": {"colsample_bytree": 1.0, "exp_alpha": -5.0, "exp_eta": -2.0, "exp_gamma": -2.0, "exp_lambda": -2.0, "max_depth": 10.0, "min_child_weight": 12.249175533643193, "subsample": 1.0}, "datetime": {"datetime": "2018-12-04 20:09:36", "elapsed": 1003.59866, "delta": 82.251029}}
{"target": -0.35078700000000007, "params": {"colsample_bytree": 1.0, "exp_alpha": -1.175389515011862, "exp_eta": -0.5, "exp_gamma": -2.0, "exp_lambda": 2.0, "max_depth": 3.0, "min_child_weight": 15.0, "subsample": 1.0}, "datetime": {"datetime": "2018-12-04 20:10:42", "elapsed": 1070.294491, "delta": 66.695831}}
