{"target": -0.34422919999999996, "params": {"colsample_bytree": 1.0, "exp_alpha": -5.0, "exp_eta": -0.5, "exp_gamma": -2.0, "exp_lambda": -2.0, "max_depth": 4.32585963338927, "min_child_weight": 15.0, "subsample": 1.0}, "datetime": {"datetime": "2018-12-04 20:11:45", "elapsed": 1132.629795, "delta": 62.335304}}
{"target": -0.34149719999999995, "params": {"colsample_bytree": 1.0, "exp_alpha": -0.38747426626862447, "exp_eta": -0.5, "exp_gamma": -2.0, "exp_lambda": -2.0, "max_depth": 3.0, "min_child_weight": 15.0, "subsample": 1.0}, "datetime": {"datetime": "2018-12-04 20:12:51", "elapsed": 1199.087519, "delta": 66.457724}}
{"target": -0.3433942, "params": {"colsample_bytree": 1.0, "exp_alpha": -2.1960171860592816, "exp_eta": -0.5, "exp_gamma": -2.0, "exp_lambda": -0.4749663627848347, "max_depth": 4.786934842976536, "min_child_weight": 15.0, "subsample": 1.0}, "datetime": {"datetime": "2018-12-04 20:13:55", "elapsed": 1263.485551, "delta": 64.398032}}
{"target": -0.3520964, "params": {"colsample_bytree": 1.0, "exp_alpha": -1.293492919700462, "exp_eta": -0.5, "exp_gamma": -2.0, "exp_lambda": -2.0, "max_depth": 10.0, "min_child_weight": 15.0, "subsample": 1.0}, "datetime": {"datetime": "2018-12-04 20:14:51", "elapsed": 1319.316407, "delta": 55.830856}}
{"target": -0.34258299999999997, "params": {"colsample_bytree": 1.0, "exp_alpha": -2.3520910204996985, "exp_eta": -0.5, "exp_gamma": -2.0, "exp_lambda": 0.1867421500662834, "max_depth": 10.0, "min_child_weight": 15.0, "subsample": 1.0}, "datetime": {"datetime": "2018-12-04 20:15:50", "elapsed": 1377.894385, "delta": 58.577978}}
{"target": -0.35720019999999997, "params": {"colsample_bytree": 1.0, "exp_alpha": -5.0, "exp_eta": -2.0, "exp_gamma": -2.0, "exp_lambda": -2.0, "max_depth": 6.549845771436122, "min_child_weight": 15.0, "subsample": 1.0}, "datetime": {"datetime": "2018-12-04 20:16:54", "elapsed": 1442.332451, "delta": 64.438066}}
{"target": -0.5384718, "params": {"colsample_bytree": 1.0, "exp_alpha": 2.0, "exp_eta": -0.5, "exp_gamma": -2.0, "exp_lambda": -2.0, "max_depth": 3.0, "min_child_weight": 15.0, "subsample": 1.0}, "datetime": {"datetime": "2018-12-04 20:17:42", "elapsed": 1489.738534, "delta": 47.406083}}
{"target": -0.3497684, "params": {"colsample_bytree": 1.0, "exp_alpha": -2.605556241737724, "exp_eta": -0.5, "exp_gamma": -2.0, "exp_lambda": -2.0, "max_depth": 3.0, "min_child_weight": 15.0, "subsample": 1.0}, "datetime": {"datetime": "2018-12-04 20:18:40", "elapsed": 1548.319869, "delta": 58.581335}}
{"target": -0.3313618, "params": {"colsample_bytree": 1.0, "exp_alpha": -5.0, "exp_eta": -0.5, "exp_gamma": -0.8005745131843836, "exp_lambda": 2.0, "max_depth": 6.495307729911356, "min_child_weight": 4.275642000212377, "subsample": 1.0}, "datetime": {"datetime": "2018-12-04 20:19:41", "elapsed": 1609.54214, "delta": 61.222271}}
{"target": -0.6083916, "params": {"colsample_bytree": 1.0, "exp_alpha": -5.0, "exp_eta": -0.5, "exp_gamma": 2.0, "exp_lambda": 2.0, "max_depth": 3.0, "min_child_weight": 15.0, "subsample": 1.0}, "datetime": {"datetime": "2018-12-04 20:20:33", "elapsed": 1660.996673, "delta": 51.454533}}
{"target": -0.3163528, "params": {"colsample_bytree": 1.0, "exp_alpha": -0.7710496662207, "exp_eta": -1.0995460203434633, "exp_gamma": -1.2085450327142653, "exp_lambda": 0.914022268255962, "max_depth": 9.74009656151989, "min_child_weight": 9.636021912228316, "subsample": 1.0}, "datetime": {"datetime": "2018-12-04 20:21:46", "elapsed": 1733.882231, "delta": 72.885558}}
{"target": -0.33751, "params": {"colsample_bytree": 1.0, "exp_alpha": -1.8794634704347015, "exp_eta": -1.9999999910925617, "exp_gamma": -1.1622771438581356, "exp_lambda": -2.0, "max_depth": 8.76958201784381, "min_child_weight": 1.0, "subsample": 0.4}, "datetime": {"datetime": "2018-12-04 20:23:01", "elapsed": 1809.275849, "delta": 75.393618}}
{"target": -0.33953920000000004, "params": {"colsample_bytree": 1.0, "exp_alpha": -1.4443732122877815, "exp_eta": -0.5, "exp_gamma": -2.0, "exp_lambda": -2.0, "max_depth": 5.814126002593582, "min_child_weight": 15.0, "subsample": 1.0}, "datetime": {"datetime": "2018-12-04 20:23:59", "elapsed": 1866.898159, "delta": 57.62231}}
{"target": -0.34492839999999997, "params": {"colsample_bytree": 1.0, "exp_alpha": -0.17014182953594353, "exp_eta": -0.5, "exp_gamma": -2.0, "exp_lambda": 2.0, "max_depth": 3.0169137324173323, "min_child_weight": 6.009922047555195, "subsample": 1.0}, "datetime": {"datetime": "2018-12-04 20:25:00", "elapsed": 1927.965905, "delta": 61.067746}}
{"target": -0.4066592, "params": {"colsample_bytree": 1.0, "exp_alpha": -2.4080895057970975, "exp_eta": -0.5, "exp_gamma": -0.7108791845390204, "exp_lambda": 0.01583149364626061, "max_depth": 10.0, "min_child_weight": 1.0, "subsample": 0.4}, "datetime": {"datetime": "2018-12-04 21:00:26", "elapsed": 0.0, "delta": 0.0}}
{"target": -0.3257262, "params": {"colsample_bytree": 1.0, "exp_alpha": -0.6223616838125434, "exp_eta": -1.3827319091936636, "exp_gamma": -0.8731738511987238, "exp_lambda": -2.0, "max_depth": 8.81751413710121, "min_child_weight": 4.3732464788664025, "subsample": 1.0}, "datetime": {"datetime": "2018-12-04 21:01:42", "elapsed": 75.488346, "delta": 75.488346}}
{"target": -0.3327196, "params": {"colsample_bytree": 1.0, "exp_alpha": -5.0, "exp_eta": -0.5, "exp_gamma": -2.0, "exp_lambda": 2.0, "max_depth": 10.0, "min_child_weight": 12.808951394865293, "subsample": 1.0}, "datetime": {"datetime": "2018-12-04 21:02:42", "elapsed": 135.989761, "delta": 60.501415}}
{"target": -0.3390308, "params": {"colsample_bytree": 1.0, "exp_alpha": -5.0, "exp_eta": -0.5, "exp_gamma": -2.0, "exp_lambda": -0.11005302976558382, "max_depth": 4.400859843450574, "min_child_weight": 11.19689870502819, "subsample": 1.0}, "datetime": {"datetime": "2018-12-04 21:03:42", "elapsed": 195.802242, "delta": 59.812481}}
{"target": -0.33364320000000003, "params": {"colsample_bytree": 1.0, "exp_alpha": -2.9852121248145167, "exp_eta": -0.5, "exp_gamma": -2.0, "exp_lambda": 2.0, "max_depth": 6.566604671564923, "min_child_weight": 1.0, "subsample": 1.0}, "datetime": {"datetime": "2018-12-04 21:04:43", "elapsed": 256.629231, "delta": 60.826989}}
{"target": -0.34673, "params": {"colsample_bytree": 1.0, "exp_alpha": -5.0, "exp_eta": -0.5, "exp_gamma": -0.9868070095764084, "exp_lambda": -0.5970107495332546, "max_depth": 5.0901562383029235, "min_child_weight": 1.0, "subsample": 1.0}, "datetime": {"datetime": "2018-12-04 21:05:42", "elapsed": 315.540852, "delta": 58.911621}}
{"target": -0.34621219999999997, "params": {"colsample_bytree": 1.0, "exp_alpha": -5.0, "exp_eta": -0.5, "exp_gamma": -2.0, "exp_lambda": -2.0, "max_depth": 7.352284281923911, "min_child_weight": 15.0, "subsample": 1.0}, "datetime": {"datetime": "2018-12-04 21:06:33", "elapsed": 366.843549, "delta": 51.302697}}
{"target": -0.33188880000000004, "params": {"colsample_bytree": 1.0, "exp_alpha": -0.9034425823705022, "exp_eta": -0.5, "exp_gamma": -2.0, "exp_lambda": 2.0, "max_depth": 6.704316843541838, "min_child_weight": 12.4429559190772, "subsample": 1.0}, "datetime": {"datetime": "2018-12-04 21:07:33", "elapsed": 426.338047, "delta": 59.494498}}
{"target": -0.34073139999999996, "params": {"colsample_bytree": 1.0, "exp_alpha": -1.0689930435138015, "exp_eta": -0.5, "exp_gamma": -2.0, "exp_lambda": 0.05248670429878492, "max_depth": 5.171448815083905, "min_child_weight": 5.897864197132812, "subsample": 1.0}, "datetime": {"datetime": "2018-12-04 21:08:25", "elapsed": 478.603598, "delta": 52.265551}}
{"target": -0.4417458000000001, "params": {"colsample_bytree": 1.0, "exp_alpha": -2.7153446412848705, "exp_eta": -2.0, "exp_gamma": -1.6990836052148564, "exp_lambda": 2.0, "max_depth": 10.0, "min_child_weight": 1.0, "subsample": 1.0}, "datetime": {"datetime": "2018-12-04 21:09:37", "elapsed": 551.096774, "delta": 72.493176}}
{"target": -0.33277860000000004, "params": {"colsample_bytree": 1.0, "exp_alpha": -1.1961543167213058, "exp_eta": -0.5, "exp_gamma": -0.7265627922310554, "exp_lambda": 1.9388057893031247, "max_depth": 7.707635650222308, "min_child_weight": 1.0, "subsample": 1.0}, "datetime": {"datetime": "2018-12-04 21:10:44", "elapsed": 617.536888, "delta": 66.440114}}
{"target": -0.44326319999999997, "params": {"colsample_bytree": 0.2, "exp_alpha": -1.1826358718687593, "exp_eta": -0.5, "exp_gamma": -2.0, "exp_lambda": -2.0, "max_depth": 3.2136065083577328, "min_child_weight": 15.0, "subsample": 1.0}, "datetime": {"datetime": "2018-12-04 21:11:32", "elapsed": 665.633142, "delta": 48.096254}}
{"target": -0.3384522, "params": {"colsample_bytree": 1.0, "exp_alpha": -2.2031719198824065, "exp_eta": -2.0, "exp_gamma": -2.0, "exp_lambda": -2.0, "max_depth": 10.0, "min_child_weight": 15.0, "subsample": 1.0}, "datetime": {"datetime": "2018-12-04 21:12:41", "elapsed": 734.641918, "delta": 69.008776}}
{"target": -0.32144399999999995, "params": {"colsample_bytree": 1.0, "exp_alpha": -4.36989475043167, "exp_eta": -1.3460175265841081, "exp_gamma": -1.6615142338827724, "exp_lambda": -0.05039627376157306, "max_depth": 10.0, "min_child_weight": 10.835250017698746, "subsample": 1.0}, "datetime": {"datetime": "2018-12-04 21:13:43", "elapsed": 796.833242, "delta": 62.191324}}
{"target": -0.34846780000000005, "params": {"colsample_bytree": 1.0, "exp_alpha": -5.0, "exp_eta": -0.5, "exp_gamma": -2.0, "exp_lambda": 2.0, "max_depth": 3.140681981148438, "min_child_weight": 11.297332640622546, "subsample": 1.0}, "datetime": {"datetime": "2018-12-04 21:14:32", "elapsed": 846.075034, "delta": 49.241792}}
{"target": -0.3244714, "params": {"colsample_bytree": 1.0, "exp_alpha": -1.18220695534713, "exp_eta": -1.4332485809042477, "exp_gamma": -1.9999951742169626, "exp_lambda": -1.501672935949207, "max_depth": 7.762151977596605, "min_child_weight": 3.812857465888, "subsample": 1.0}, "datetime": {"datetime": "2018-12-04 21:15:34", "elapsed": 908.021034, "delta": 61.946}}
{"target": -0.3481442, "params": {"colsample_bytree": 1.0, "exp_alpha": -5.0, "exp_eta": -0.5, "exp_gamma": -0.46497144925722705, "exp_lambda": 2.0, "max_depth": 4.9669297553176, "min_child_weight": 10.674855130671853, "subsample": 1.0}, "datetime": {"datetime": "2018-12-04 21:16:26", "elapsed": 959.268477, "delta": 51.247443}}
{"target": -0.35193379999999996, "params": {"colsample_bytree": 1.0, "exp_alpha": -5.0, "exp_eta": -0.5, "exp_gamma": -1.853171345611466, "exp_lambda": -0.9503423370838778, "max_depth": 3.0, "min_child_weight": 3.0989108767061735, "subsample": 1.0}, "datetime": {"datetime": "2018-12-04 21:17:15", "elapsed": 1009.245325, "delta": 49.976848}}
{"target": -0.3352108, "params": {"colsample_bytree": 1.0, "exp_alpha": -5.0, "exp_eta": -0.5, "exp_gamma": -0.31580688885547775, "exp_lambda": 0.5328615000339786, "max_depth": 8.273175928242516, "min_child_weight": 5.187136156863362, "subsample": 1.0}, "datetime": {"datetime": "2018-12-04 21:18:01", "elapsed": 1054.971313, "delta": 45.725988}}
{"target": -0.3386606, "params": {"colsample_bytree": 1.0, "exp_alpha": -2.5912037324122164, "exp_eta": -1.9974903291423338, "exp_gamma": -0.6460378750941529, "exp_lambda": -1.9999999956536958, "max_depth": 10.0, "min_child_weight": 11.092648509363507, "subsample": 1.0}, "datetime": {"datetime": "2018-12-04 21:19:08", "elapsed": 1121.951378, "delta": 66.980065}}
{"target": -0.4071318, "params": {"colsample_bytree": 1.0, "exp_alpha": -0.9359365760875059, "exp_eta": -0.5, "exp_gamma": -0.001626866260536514, "exp_lambda": -2.0, "max_depth": 3.4980017384324116, "min_child_weight": 15.0, "subsample": 1.0}, "datetime": {"datetime": "2018-12-04 21:19:57", "elapsed": 1171.156514, "delta": 49.205136}}
{"target": -0.3260224, "params": {"colsample_bytree": 1.0, "exp_alpha": -1.724674027841928, "exp_eta": -1.770167063757183, "exp_gamma": -2.0, "exp_lambda": -0.38512307523090644, "max_depth": 10.0, "min_child_weight": 11.872880547691665, "subsample": 1.0}, "datetime": {"datetime": "2018-12-04 21:20:57", "elapsed": 1230.75529, "delta": 59.598776}}
{"target": -0.3334394, "params": {"colsample_bytree": 1.0, "exp_alpha": -0.19104852204153858, "exp_eta": -0.5, "exp_gamma": -1.3263994350415484, "exp_lambda": 2.0, "max_depth": 4.462772056690191, "min_child_weight": 10.643213561285071, "subsample": 1.0}, "datetime": {"datetime": "2018-12-04 21:21:37", "elapsed": 1270.369005, "delta": 39.613715}}
{"target": -0.33251379999999997, "params": {"colsample_bytree": 1.0, "exp_alpha": -5.0, "exp_eta": -0.5, "exp_gamma": -2.0, "exp_lambda": 1.9999999992265003, "max_depth": 8.089825115162917, "min_child_weight": 11.172138223514942, "subsample": 1.0}, "datetime": {"datetime": "2018-12-04 21:22:16", "elapsed": 1309.641151, "delta": 39.272146}}
{"target": -0.3304494, "params": {"colsample_bytree": 1.0, "exp_alpha": -5.0, "exp_eta": -0.5, "exp_gamma": -2.0, "exp_lambda": 1.9999999907160948, "max_depth": 8.222644613944036, "min_child_weight": 15.0, "subsample": 1.0}, "datetime": {"datetime": "2018-12-04 21:23:03", "elapsed": 1357.170311, "delta": 47.52916}}
{"target": -0.3995182, "params": {"colsample_bytree": 1.0, "exp_alpha": -5.0, "exp_eta": -0.5, "exp_gamma": 0.42823843231013964, "exp_lambda": 2.0, "max_depth": 6.816388919818066, "min_child_weight": 8.035330115257665, "subsample": 1.0}, "datetime": {"datetime": "2018-12-04 21:23:41", "elapsed": 1394.696745, "delta": 37.526434}}
{"target": -0.3321674, "params": {"colsample_bytree": 1.0, "exp_alpha": -1.759949001811353, "exp_eta": -0.5, "exp_gamma": -0.521318577637125, "exp_lambda": 2.0, "max_depth": 8.445061410997303, "min_child_weight": 4.946880383559998, "subsample": 1.0}, "datetime": {"datetime": "2018-12-04 21:24:34", "elapsed": 1448.010179, "delta": 53.313434}}
{"target": -0.3319232, "params": {"colsample_bytree": 1.0, "exp_alpha": -1.5506587733369355, "exp_eta": -0.5, "exp_gamma": -0.7605313089640876, "exp_lambda": 2.0, "max_depth": 5.993024143392194, "min_child_weight": 15.0, "subsample": 1.0}, "datetime": {"datetime": "2018-12-04 21:25:19", "elapsed": 1492.297371, "delta": 44.287192}}
{"target": -0.34218479999999996, "params": {"colsample_bytree": 1.0, "exp_alpha": -0.7949289998447661, "exp_eta": -0.5, "exp_gamma": -2.0, "exp_lambda": -1.9820917144910852, "max_depth": 4.4214419315334865, "min_child_weight": 8.31856609361017, "subsample": 1.0}, "datetime": {"datetime": "2018-12-04 21:25:59", "elapsed": 1532.963016, "delta": 40.665645}}
{"target": -0.3325608, "params": {"colsample_bytree": 1.0, "exp_alpha": -1.614310758685171, "exp_eta": -0.5, "exp_gamma": -1.1493182684419727, "exp_lambda": 2.0, "max_depth": 5.330931038467022, "min_child_weight": 2.598283393011878, "subsample": 1.0}, "datetime": {"datetime": "2018-12-04 21:26:38", "elapsed": 1571.41685, "delta": 38.453834}}
{"target": -0.33862660000000006, "params": {"colsample_bytree": 1.0, "exp_alpha": -1.2489048272422765, "exp_eta": -0.5, "exp_gamma": -0.7644088553261981, "exp_lambda": 0.29770671447058256, "max_depth": 6.3420909920795845, "min_child_weight": 1.209840939918311, "subsample": 1.0}, "datetime": {"datetime": "2018-12-04 21:27:19", "elapsed": 1613.188459, "delta": 41.771609}}
{"target": -0.33067759999999996, "params": {"colsample_bytree": 1.0, "exp_alpha": -5.0, "exp_eta": -0.5, "exp_gamma": -0.6288382318788396, "exp_lambda": 1.999999999739284, "max_depth": 7.881607213703678, "min_child_weight": 4.3153539683308555, "subsample": 1.0}, "datetime": {"datetime": "2018-12-04 21:28:01", "elapsed": 1654.720617, "delta": 41.532158}}
{"target": -0.45047820000000005, "params": {"colsample_bytree": 0.2, "exp_alpha": -5.0, "exp_eta": -0.5, "exp_gamma": -0.4253775127160113, "exp_lambda": -2.0, "max_depth": 3.651387968252182, "min_child_weight": 3.176491529973589, "subsample": 1.0}, "datetime": {"datetime": "2018-12-04 21:28:38", "elapsed": 1691.432582, "delta": 36.711965}}
{"target": -0.3543328, "params": {"colsample_bytree": 1.0, "exp_alpha": -1.75015565919059, "exp_eta": -0.5, "exp_gamma": -2.0, "exp_lambda": 2.0, "max_depth": 5.350245740898428, "min_child_weight": 15.0, "subsample": 0.4}, "datetime": {"datetime": "2018-12-04 21:29:16", "elapsed": 1730.007361, "delta": 38.574779}}
{"target": -0.3319652, "params": {"colsample_bytree": 1.0, "exp_alpha": -5.0, "exp_eta": -0.5, "exp_gamma": -0.879455050383167, "exp_lambda": 2.0, "max_depth": 5.933044882387588, "min_child_weight": 2.6216991073736207, "subsample": 1.0}, "datetime": {"datetime": "2018-12-04 21:29:56", "elapsed": 1769.263992, "delta": 39.256631}}
{"target": -0.3338266, "params": {"colsample_bytree": 1.0, "exp_alpha": -5.0, "exp_eta": -0.5, "exp_gamma": -1.792496287001737, "exp_lambda": 0.9388631338384956, "max_depth": 5.15480597852111, "min_child_weight": 4.190325088893072, "subsample": 1.0}, "datetime": {"datetime": "2018-12-04 21:30:30", "elapsed": 1803.912354, "delta": 34.648362}}
{"target": -0.3322986, "params": {"colsample_bytree": 1.0, "exp_alpha": -5.0, "exp_eta": -0.5, "exp_gamma": -0.8507568861742428, "exp_lambda": 1.0902005997007085, "max_depth": 6.0261199833163595, "min_child_weight": 14.840871725342847, "subsample": 1.0}, "datetime": {"datetime": "2018-12-04 21:31:01", "elapsed": 1834.565094, "delta": 30.65274}}
{"target": -0.332754, "params": {"colsample_bytree": 1.0, "exp_alpha": -0.4339854176621803, "exp_eta": -0.5, "exp_gamma": -0.5105925282129823, "exp_lambda": 2.0, "max_depth": 7.026149398525159, "min_child_weight": 3.097005567427554, "subsample": 1.0}, "datetime": {"datetime": "2018-12-04 21:31:41", "elapsed": 1874.962502, "delta": 40.397408}}
{"target": -0.3319938, "params": {"colsample_bytree": 1.0, "exp_alpha": -5.0, "exp_eta": -0.5, "exp_gamma": -0.30188918785182817, "exp_lambda": 2.0, "max_depth": 9.547226858370372, "min_child_weight": 15.0, "subsample": 1.0}, "datetime": {"datetime": "2018-12-04 21:32:29", "elapsed": 1922.370705, "delta": 47.408203}}
{"target": -0.32802359999999997, "params": {"colsample_bytree": 0.9769370155618231, "exp_alpha": -0.9368334066265565, "exp_eta": -0.5740611422337274, "exp_gamma": -0.7304139531162215, "exp_lambda": 1.7536668558223298, "max_depth": 7.438094157892291, "min_child_weight": 7.020629117650805, "subsample": 0.9533797276550647}, "datetime": {"datetime": "2018-12-04 21:33:08", "elapsed": 1961.795161, "delta": 39.424456}}
{"target": -0.3307658, "params": {"colsample_bytree": 1.0, "exp_alpha": -4.9395390256704275, "exp_eta": -0.5, "exp_gamma": -0.671921651838301, "exp_lambda": 2.0, "max_depth": 6.7463954278183325, "min_child_weight": 13.533626737167225, "subsample": 1.0}, "datetime": {"datetime": "2018-12-04 21:33:42", "elapsed": 1995.764194, "delta": 33.969033}}
{"target": -0.3304704, "params": {"colsample_bytree": 1.0, "exp_alpha": -5.0, "exp_eta": -1.6498699161435701, "exp_gamma": -0.13235859149003568, "exp_lambda": -0.39027078089713674, "max_depth": 9.197798305800996, "min_child_weight": 12.304238012885007, "subsample": 1.0}, "datetime": {"datetime": "2018-12-04 21:34:29", "elapsed": 2042.953283, "delta": 47.189089}}
{"target": -0.3266276, "params": {"colsample_bytree": 0.9952424540803146, "exp_alpha": -0.4915869218614919, "exp_eta": -1.0283560334462911, "exp_gamma": -0.5020973735446148, "exp_lambda": -0.11646546551778014, "max_depth": 7.848387941596725, "min_child_weight": 6.281876937131701, "subsample": 0.4967276855421484}, "datetime": {"datetime": "2018-12-04 21:35:11", "elapsed": 2084.76591, "delta": 41.812627}}
{"target": -0.3277142, "params": {"colsample_bytree": 0.9589317487644844, "exp_alpha": -4.823411205489413, "exp_eta": -0.5504338452093631, "exp_gamma": -0.4589332465439515, "exp_lambda": 1.4810189341676505, "max_depth": 9.89806541642318, "min_child_weight": 12.37929204050524, "subsample": 0.9924241875378006}, "datetime": {"datetime": "2018-12-04 21:35:53", "elapsed": 2126.650924, "delta": 41.885014}}
{"target": -0.35143120000000005, "params": {"colsample_bytree": 1.0, "exp_alpha": 0.0449796796804112, "exp_eta": -1.0489296024713894, "exp_gamma": -0.9493389645747385, "exp_lambda": -0.9049400447278317, "max_depth": 4.981695669675004, "min_child_weight": 7.400278661188454, "subsample": 0.4000000419528419}, "datetime": {"datetime": "2018-12-04 21:36:27", "elapsed": 2161.201636, "delta": 34.550712}}
{"target": -0.33247099999999996, "params": {"colsample_bytree": 1.0, "exp_alpha": -4.999675214327285, "exp_eta": -1.8063951931181632, "exp_gamma": -0.7864863842272524, "exp_lambda": -0.8559211431114327, "max_depth": 9.83785344155902, "min_child_weight": 11.549353584423669, "subsample": 0.40437994665324994}, "datetime": {"datetime": "2018-12-04 21:37:09", "elapsed": 2202.458138, "delta": 41.256502}}
{"target": -0.33699480000000004, "params": {"colsample_bytree": 0.43293480706917065, "exp_alpha": -0.9394735890754102, "exp_eta": -0.9652872256202412, "exp_gamma": -1.5479505919495393, "exp_lambda": -1.908367370688563, "max_depth": 7.80127456054219, "min_child_weight": 4.445139294199967, "subsample": 0.9820629891519614}, "datetime": {"datetime": "2018-12-04 21:37:41", "elapsed": 2235.159835, "delta": 32.701697}}
{"target": -0.3303348, "params": {"colsample_bytree": 1.0, "exp_alpha": -0.9475081834800594, "exp_eta": -0.5, "exp_gamma": -1.112295519233028, "exp_lambda": 2.0, "max_depth": 8.12077869586228, "min_child_weight": 13.759320891832019, "subsample": 0.9999999999999828}, "datetime": {"datetime": "2018-12-04 21:38:16", "elapsed": 2269.539016, "delta": 34.379181}}
{"target": -0.32154, "params": {"colsample_bytree": 0.9841837860007874, "exp_alpha": -0.5514734216681889, "exp_eta": -1.1158317418227726, "exp_gamma": -1.5483483515346017, "exp_lambda": 1.9515136479260624, "max_depth": 9.5407181497587, "min_child_weight": 10.794906320855382, "subsample": 0.9199413893255034}, "datetime": {"datetime": "2018-12-04 21:39:00", "elapsed": 2313.909231, "delta": 44.370215}}
